18:43:25 | URI: /los-cerignola-api/api/orders | METHOD: POST
18:43:46 | URI: /los-cerignola-api/api/orders?action=delete | METHOD: POST
18:44:13 | URI: /los-cerignola-api/api/orders?action=delete | METHOD: POST
18:44:21 | URI: /los-cerignola-api/api/orders?action=delete | METHOD: POST
18:51:34 | URI: /los-cerignola-api/api/orders | METHOD: GET
18:51:36 | URI: /los-cerignola-api/api/orders | METHOD: GET
18:51:36 | URI: /los-cerignola-api/api/orders | METHOD: GET
18:51:37 | URI: /los-cerignola-api/api/orders | METHOD: GET
18:52:04 | URI: /los-cerignola-api/api/orders | METHOD: GET
18:52:05 | URI: /los-cerignola-api/api/orders | METHOD: GET
18:52:06 | URI: /los-cerignola-api/api/orders | METHOD: GET
18:52:07 | URI: /los-cerignola-api/api/orders | METHOD: GET
18:52:08 | URI: /los-cerignola-api/api/orders | METHOD: GET
18:52:09 | URI: /los-cerignola-api/api/orders | METHOD: GET
18:52:10 | URI: /los-cerignola-api/api/orders | METHOD: GET
18:52:10 | URI: /los-cerignola-api/api/loyalty | METHOD: GET
18:52:10 | URI: /los-cerignola-api/api/orders | METHOD: GET
18:52:11 | URI: /los-cerignola-api/api/orders | METHOD: GET
18:52:12 | URI: /los-cerignola-api/api/orders | METHOD: GET
18:52:12 | URI: /los-cerignola-api/api/orders | METHOD: GET
18:52:13 | URI: /los-cerignola-api/api/orders | METHOD: GET
18:52:13 | URI: /los-cerignola-api/api/orders | METHOD: GET
18:52:14 | URI: /los-cerignola-api/api/orders | METHOD: GET
18:52:14 | URI: /los-cerignola-api/api/orders | METHOD: GET
18:52:15 | URI: /los-cerignola-api/api/orders | METHOD: GET
18:52:15 | URI: /los-cerignola-api/api/orders | METHOD: GET
18:52:16 | URI: /los-cerignola-api/api/orders | METHOD: GET
18:52:16 | URI: /los-cerignola-api/api/orders | METHOD: GET
18:52:17 | URI: /los-cerignola-api/api/orders | METHOD: GET
18:52:17 | URI: /los-cerignola-api/api/orders | METHOD: GET
18:52:17 | URI: /los-cerignola-api/api/login | METHOD: POST
18:52:18 | URI: /los-cerignola-api/api/loyalty | METHOD: GET
18:52:18 | URI: /los-cerignola-api/api/orders | METHOD: GET
18:52:18 | URI: /los-cerignola-api/api/orders | METHOD: GET
18:52:18 | URI: /los-cerignola-api/api/orders | METHOD: GET
18:52:19 | URI: /los-cerignola-api/api/orders | METHOD: GET
18:52:19 | URI: /los-cerignola-api/api/orders | METHOD: GET
18:52:20 | URI: /los-cerignola-api/api/orders | METHOD: GET
18:52:20 | URI: /los-cerignola-api/api/orders | METHOD: GET
18:52:21 | URI: /los-cerignola-api/api/orders | METHOD: GET
18:52:21 | URI: /los-cerignola-api/api/orders | METHOD: GET
18:52:22 | URI: /los-cerignola-api/api/orders | METHOD: GET
18:52:23 | URI: /los-cerignola-api/api/orders | METHOD: GET
18:52:23 | URI: /los-cerignola-api/api/orders | METHOD: GET
18:52:24 | URI: /los-cerignola-api/api/orders | METHOD: GET
18:52:24 | URI: /los-cerignola-api/api/orders | METHOD: GET
18:52:25 | URI: /los-cerignola-api/api/orders | METHOD: GET
18:52:25 | URI: /los-cerignola-api/api/orders | METHOD: GET
18:52:26 | URI: /los-cerignola-api/api/orders | METHOD: GET
18:52:26 | URI: /los-cerignola-api/api/orders | METHOD: GET
18:52:27 | URI: /los-cerignola-api/api/orders | METHOD: GET
18:52:27 | URI: /los-cerignola-api/api/orders | METHOD: GET
18:52:27 | URI: /los-cerignola-api/api/orders | METHOD: GET
18:52:28 | URI: /los-cerignola-api/api/orders | METHOD: GET
18:52:28 | URI: /los-cerignola-api/api/orders | METHOD: GET
18:52:28 | URI: /los-cerignola-api/api/products | METHOD: GET
18:52:28 | URI: /los-cerignola-api/api/orders | METHOD: GET
18:52:29 | URI: /los-cerignola-api/api/orders | METHOD: GET
18:52:29 | URI: /los-cerignola-api/api/orders | METHOD: GET
18:52:29 | URI: /los-cerignola-api/api/orders | METHOD: GET
18:52:30 | URI: /los-cerignola-api/api/orders | METHOD: GET
18:52:30 | URI: /los-cerignola-api/api/orders | METHOD: GET
18:52:30 | URI: /los-cerignola-api/api/orders | METHOD: GET
18:52:31 | URI: /los-cerignola-api/api/orders | METHOD: GET
18:52:31 | URI: /los-cerignola-api/api/orders | METHOD: GET
18:52:31 | URI: /los-cerignola-api/api/orders | METHOD: GET
18:52:32 | URI: /los-cerignola-api/api/orders | METHOD: GET
18:52:32 | URI: /los-cerignola-api/api/orders | METHOD: GET
18:52:32 | URI: /los-cerignola-api/api/orders | METHOD: GET
18:52:33 | URI: /los-cerignola-api/api/orders | METHOD: GET
18:52:33 | URI: /los-cerignola-api/api/orders | METHOD: GET
18:52:33 | URI: /los-cerignola-api/api/orders | METHOD: GET
18:52:34 | URI: /los-cerignola-api/api/orders | METHOD: GET
18:52:34 | URI: /los-cerignola-api/api/orders | METHOD: GET
18:52:34 | URI: /los-cerignola-api/api/orders | METHOD: GET
18:52:35 | URI: /los-cerignola-api/api/orders | METHOD: GET
18:52:35 | URI: /los-cerignola-api/api/orders | METHOD: GET
18:52:35 | URI: /los-cerignola-api/api/orders | METHOD: GET
18:52:36 | URI: /los-cerignola-api/api/orders | METHOD: GET
18:52:36 | URI: /los-cerignola-api/api/orders | METHOD: GET
18:52:36 | URI: /los-cerignola-api/api/orders | METHOD: GET
18:52:36 | URI: /los-cerignola-api/api/orders | METHOD: POST
18:52:37 | URI: /los-cerignola-api/api/orders | METHOD: GET
18:52:37 | URI: /los-cerignola-api/api/orders | METHOD: GET
18:52:37 | URI: /los-cerignola-api/api/orders | METHOD: GET
18:52:38 | URI: /los-cerignola-api/api/orders | METHOD: GET
18:52:38 | URI: /los-cerignola-api/api/orders | METHOD: GET
18:52:38 | URI: /los-cerignola-api/api/orders | METHOD: GET
18:52:39 | URI: /los-cerignola-api/api/orders | METHOD: GET
18:52:39 | URI: /los-cerignola-api/api/orders | METHOD: GET
18:52:39 | URI: /los-cerignola-api/api/orders | METHOD: GET
18:52:40 | URI: /los-cerignola-api/api/orders | METHOD: GET
18:52:40 | URI: /los-cerignola-api/api/orders | METHOD: GET
18:52:41 | URI: /los-cerignola-api/api/orders | METHOD: GET
18:52:41 | URI: /los-cerignola-api/api/orders | METHOD: GET
18:52:41 | URI: /los-cerignola-api/api/orders | METHOD: GET
18:52:42 | URI: /los-cerignola-api/api/orders | METHOD: GET
18:52:42 | URI: /los-cerignola-api/api/orders | METHOD: GET
18:52:42 | URI: /los-cerignola-api/api/orders | METHOD: GET
18:52:42 | URI: /los-cerignola-api/api/orders | METHOD: GET
18:52:43 | URI: /los-cerignola-api/api/orders | METHOD: GET
18:52:43 | URI: /los-cerignola-api/api/orders | METHOD: GET
18:52:43 | URI: /los-cerignola-api/api/orders | METHOD: GET
18:52:44 | URI: /los-cerignola-api/api/orders | METHOD: GET
18:52:44 | URI: /los-cerignola-api/api/orders | METHOD: GET
18:52:44 | URI: /los-cerignola-api/api/orders | METHOD: GET
18:52:45 | URI: /los-cerignola-api/api/orders | METHOD: GET
18:52:45 | URI: /los-cerignola-api/api/orders | METHOD: GET
18:52:45 | URI: /los-cerignola-api/api/orders | METHOD: GET
18:52:46 | URI: /los-cerignola-api/api/orders | METHOD: GET
18:52:46 | URI: /los-cerignola-api/api/orders | METHOD: GET
18:52:46 | URI: /los-cerignola-api/api/orders | METHOD: GET
18:52:47 | URI: /los-cerignola-api/api/orders | METHOD: GET
18:52:47 | URI: /los-cerignola-api/api/orders | METHOD: GET
18:52:47 | URI: /los-cerignola-api/api/orders | METHOD: GET
18:52:48 | URI: /los-cerignola-api/api/orders | METHOD: GET
18:52:48 | URI: /los-cerignola-api/api/orders | METHOD: GET
18:52:48 | URI: /los-cerignola-api/api/orders | METHOD: GET
18:52:49 | URI: /los-cerignola-api/api/login | METHOD: POST
18:52:49 | URI: /los-cerignola-api/api/orders | METHOD: GET
18:52:49 | URI: /los-cerignola-api/api/orders | METHOD: GET
18:52:49 | URI: /los-cerignola-api/api/orders | METHOD: GET
18:52:50 | URI: /los-cerignola-api/api/orders | METHOD: GET
18:52:50 | URI: /los-cerignola-api/api/orders | METHOD: GET
18:52:50 | URI: /los-cerignola-api/api/orders | METHOD: GET
18:52:51 | URI: /los-cerignola-api/api/orders | METHOD: GET
18:52:51 | URI: /los-cerignola-api/api/orders | METHOD: GET
18:52:51 | URI: /los-cerignola-api/api/orders | METHOD: GET
18:52:52 | URI: /los-cerignola-api/api/orders | METHOD: GET
18:52:52 | URI: /los-cerignola-api/api/orders | METHOD: GET
18:52:52 | URI: /los-cerignola-api/api/orders/15?status=In%20Preparazione | METHOD: PATCH
18:52:52 | URI: /los-cerignola-api/api/orders | METHOD: GET
18:52:53 | URI: /los-cerignola-api/api/orders | METHOD: GET
18:52:53 | URI: /los-cerignola-api/api/orders | METHOD: GET
18:52:54 | URI: /los-cerignola-api/api/orders | METHOD: GET
18:52:54 | URI: /los-cerignola-api/api/orders | METHOD: GET
18:52:54 | URI: /los-cerignola-api/api/orders | METHOD: GET
18:52:55 | URI: /los-cerignola-api/api/orders | METHOD: GET
18:52:55 | URI: /los-cerignola-api/api/orders | METHOD: GET
18:52:55 | URI: /los-cerignola-api/api/orders | METHOD: GET
18:52:56 | URI: /los-cerignola-api/api/orders | METHOD: GET
18:52:56 | URI: /los-cerignola-api/api/orders | METHOD: GET
18:52:56 | URI: /los-cerignola-api/api/orders | METHOD: GET
18:52:57 | URI: /los-cerignola-api/api/orders | METHOD: GET
18:52:57 | URI: /los-cerignola-api/api/orders | METHOD: GET
18:52:57 | URI: /los-cerignola-api/api/orders | METHOD: GET
18:52:58 | URI: /los-cerignola-api/api/orders | METHOD: GET
18:52:58 | URI: /los-cerignola-api/api/orders | METHOD: GET
18:52:58 | URI: /los-cerignola-api/api/orders | METHOD: GET
18:52:59 | URI: /los-cerignola-api/api/orders | METHOD: GET
18:52:59 | URI: /los-cerignola-api/api/orders | METHOD: GET
18:52:59 | URI: /los-cerignola-api/api/orders | METHOD: GET
18:53:00 | URI: /los-cerignola-api/api/orders | METHOD: GET
18:53:00 | URI: /los-cerignola-api/api/orders | METHOD: GET
18:53:00 | URI: /los-cerignola-api/api/orders | METHOD: GET
18:53:01 | URI: /los-cerignola-api/api/orders | METHOD: GET
18:53:01 | URI: /los-cerignola-api/api/orders | METHOD: GET
18:53:01 | URI: /los-cerignola-api/api/orders | METHOD: GET
18:53:02 | URI: /los-cerignola-api/api/orders | METHOD: GET
18:53:02 | URI: /los-cerignola-api/api/orders | METHOD: GET
18:53:02 | URI: /los-cerignola-api/api/orders/15?status=Pronto | METHOD: PATCH
18:53:02 | URI: /los-cerignola-api/api/orders | METHOD: GET
18:53:03 | URI: /los-cerignola-api/api/orders | METHOD: GET
18:53:03 | URI: /los-cerignola-api/api/orders | METHOD: GET
18:53:03 | URI: /los-cerignola-api/api/orders | METHOD: GET
18:53:04 | URI: /los-cerignola-api/api/orders | METHOD: GET
18:53:04 | URI: /los-cerignola-api/api/orders | METHOD: GET
18:53:04 | URI: /los-cerignola-api/api/orders | METHOD: GET
18:53:05 | URI: /los-cerignola-api/api/orders | METHOD: GET
18:53:05 | URI: /los-cerignola-api/api/orders | METHOD: GET
18:53:05 | URI: /los-cerignola-api/api/orders | METHOD: GET
18:53:06 | URI: /los-cerignola-api/api/orders | METHOD: GET
18:53:06 | URI: /los-cerignola-api/api/orders | METHOD: GET
18:53:06 | URI: /los-cerignola-api/api/orders | METHOD: GET
18:53:07 | URI: /los-cerignola-api/api/orders | METHOD: GET
18:53:07 | URI: /los-cerignola-api/api/orders?action=delete | METHOD: POST
18:53:07 | URI: /los-cerignola-api/api/orders | METHOD: GET
18:53:07 | URI: /los-cerignola-api/api/orders | METHOD: GET
18:53:07 | URI: /los-cerignola-api/api/orders | METHOD: GET
18:53:08 | URI: /los-cerignola-api/api/orders | METHOD: GET
18:53:08 | URI: /los-cerignola-api/api/orders | METHOD: GET
18:53:08 | URI: /los-cerignola-api/api/orders | METHOD: GET
18:53:09 | URI: /los-cerignola-api/api/orders | METHOD: GET
18:53:09 | URI: /los-cerignola-api/api/orders | METHOD: GET
18:53:09 | URI: /los-cerignola-api/api/orders | METHOD: GET
18:53:10 | URI: /los-cerignola-api/api/orders | METHOD: GET
18:53:10 | URI: /los-cerignola-api/api/orders | METHOD: GET
18:53:10 | URI: /los-cerignola-api/api/orders | METHOD: GET
18:53:11 | URI: /los-cerignola-api/api/orders | METHOD: GET
18:53:11 | URI: /los-cerignola-api/api/orders | METHOD: GET
18:53:11 | URI: /los-cerignola-api/api/orders | METHOD: GET
18:53:12 | URI: /los-cerignola-api/api/orders | METHOD: GET
18:53:12 | URI: /los-cerignola-api/api/orders | METHOD: GET
18:53:12 | URI: /los-cerignola-api/api/orders | METHOD: GET
18:53:13 | URI: /los-cerignola-api/api/orders | METHOD: GET
18:53:13 | URI: /los-cerignola-api/api/orders | METHOD: GET
18:53:13 | URI: /los-cerignola-api/api/orders | METHOD: GET
18:53:14 | URI: /los-cerignola-api/api/orders | METHOD: GET
18:53:14 | URI: /los-cerignola-api/api/orders | METHOD: GET
18:53:14 | URI: /los-cerignola-api/api/orders | METHOD: GET
18:53:15 | URI: /los-cerignola-api/api/orders | METHOD: GET
18:53:15 | URI: /los-cerignola-api/api/orders | METHOD: GET
18:53:15 | URI: /los-cerignola-api/api/orders | METHOD: GET
18:53:16 | URI: /los-cerignola-api/api/orders | METHOD: GET
18:53:16 | URI: /los-cerignola-api/api/orders | METHOD: GET
18:53:16 | URI: /los-cerignola-api/api/orders | METHOD: GET
18:53:17 | URI: /los-cerignola-api/api/orders | METHOD: GET
18:53:17 | URI: /los-cerignola-api/api/orders | METHOD: GET
18:53:17 | URI: /los-cerignola-api/api/orders | METHOD: GET
18:53:18 | URI: /los-cerignola-api/api/orders | METHOD: GET
18:53:18 | URI: /los-cerignola-api/api/orders | METHOD: GET
18:53:18 | URI: /los-cerignola-api/api/orders | METHOD: GET
18:53:19 | URI: /los-cerignola-api/api/orders | METHOD: GET
18:53:19 | URI: /los-cerignola-api/api/orders | METHOD: GET
18:53:19 | URI: /los-cerignola-api/api/orders | METHOD: GET
18:53:20 | URI: /los-cerignola-api/api/orders | METHOD: GET
18:53:20 | URI: /los-cerignola-api/api/orders | METHOD: GET
18:53:20 | URI: /los-cerignola-api/api/orders | METHOD: GET
18:53:21 | URI: /los-cerignola-api/api/orders | METHOD: GET
18:53:21 | URI: /los-cerignola-api/api/orders | METHOD: GET
18:53:21 | URI: /los-cerignola-api/api/orders | METHOD: GET
18:53:22 | URI: /los-cerignola-api/api/orders | METHOD: GET
18:53:22 | URI: /los-cerignola-api/api/orders | METHOD: GET
18:53:22 | URI: /los-cerignola-api/api/orders | METHOD: GET
18:53:23 | URI: /los-cerignola-api/api/orders | METHOD: GET
18:53:23 | URI: /los-cerignola-api/api/orders | METHOD: GET
18:53:23 | URI: /los-cerignola-api/api/orders | METHOD: GET
18:53:24 | URI: /los-cerignola-api/api/orders | METHOD: GET
18:53:24 | URI: /los-cerignola-api/api/orders | METHOD: GET
18:53:24 | URI: /los-cerignola-api/api/orders | METHOD: GET
18:53:25 | URI: /los-cerignola-api/api/orders | METHOD: GET
18:53:25 | URI: /los-cerignola-api/api/orders | METHOD: GET
18:53:25 | URI: /los-cerignola-api/api/orders | METHOD: GET
18:53:26 | URI: /los-cerignola-api/api/orders | METHOD: GET
18:53:26 | URI: /los-cerignola-api/api/orders | METHOD: GET
18:53:27 | URI: /los-cerignola-api/api/orders | METHOD: GET
18:53:27 | URI: /los-cerignola-api/api/orders | METHOD: GET
18:53:27 | URI: /los-cerignola-api/api/orders | METHOD: GET
18:53:27 | URI: /los-cerignola-api/api/orders | METHOD: GET
18:53:28 | URI: /los-cerignola-api/api/orders | METHOD: GET
18:53:28 | URI: /los-cerignola-api/api/orders | METHOD: GET
18:53:28 | URI: /los-cerignola-api/api/orders | METHOD: GET
18:53:29 | URI: /los-cerignola-api/api/orders | METHOD: GET
18:53:29 | URI: /los-cerignola-api/api/orders | METHOD: GET
18:53:30 | URI: /los-cerignola-api/api/orders | METHOD: GET
18:53:30 | URI: /los-cerignola-api/api/orders | METHOD: GET
18:53:30 | URI: /los-cerignola-api/api/orders | METHOD: GET
18:53:31 | URI: /los-cerignola-api/api/orders | METHOD: GET
18:53:31 | URI: /los-cerignola-api/api/orders | METHOD: GET
18:53:31 | URI: /los-cerignola-api/api/orders | METHOD: GET
18:53:32 | URI: /los-cerignola-api/api/orders | METHOD: GET
18:53:32 | URI: /los-cerignola-api/api/orders | METHOD: GET
18:53:32 | URI: /los-cerignola-api/api/orders | METHOD: GET
18:53:33 | URI: /los-cerignola-api/api/orders | METHOD: GET
18:53:33 | URI: /los-cerignola-api/api/orders | METHOD: GET
18:53:33 | URI: /los-cerignola-api/api/orders | METHOD: GET
18:53:34 | URI: /los-cerignola-api/api/orders | METHOD: GET
18:53:34 | URI: /los-cerignola-api/api/orders | METHOD: GET
18:53:34 | URI: /los-cerignola-api/api/orders | METHOD: GET
18:53:35 | URI: /los-cerignola-api/api/orders | METHOD: GET
18:53:35 | URI: /los-cerignola-api/api/orders | METHOD: GET
18:53:35 | URI: /los-cerignola-api/api/orders | METHOD: GET
18:53:36 | URI: /los-cerignola-api/api/orders | METHOD: GET
18:53:36 | URI: /los-cerignola-api/api/orders | METHOD: GET
18:53:36 | URI: /los-cerignola-api/api/orders | METHOD: GET
18:53:37 | URI: /los-cerignola-api/api/orders | METHOD: GET
18:53:37 | URI: /los-cerignola-api/api/orders | METHOD: GET
18:53:38 | URI: /los-cerignola-api/api/orders | METHOD: GET
18:53:38 | URI: /los-cerignola-api/api/orders | METHOD: GET
18:53:38 | URI: /los-cerignola-api/api/orders | METHOD: GET
18:53:38 | URI: /los-cerignola-api/api/orders | METHOD: GET
18:53:39 | URI: /los-cerignola-api/api/orders | METHOD: GET
18:53:39 | URI: /los-cerignola-api/api/orders | METHOD: GET
18:53:39 | URI: /los-cerignola-api/api/orders | METHOD: GET
18:53:40 | URI: /los-cerignola-api/api/orders | METHOD: GET
18:53:40 | URI: /los-cerignola-api/api/orders | METHOD: GET
18:53:41 | URI: /los-cerignola-api/api/orders | METHOD: GET
18:53:41 | URI: /los-cerignola-api/api/orders | METHOD: GET
18:53:41 | URI: /los-cerignola-api/api/orders | METHOD: GET
18:53:42 | URI: /los-cerignola-api/api/orders | METHOD: GET
18:53:42 | URI: /los-cerignola-api/api/orders | METHOD: GET
18:53:42 | URI: /los-cerignola-api/api/orders | METHOD: GET
18:53:43 | URI: /los-cerignola-api/api/orders | METHOD: GET
18:53:43 | URI: /los-cerignola-api/api/orders | METHOD: GET
18:53:43 | URI: /los-cerignola-api/api/orders | METHOD: GET
18:53:44 | URI: /los-cerignola-api/api/orders | METHOD: GET
18:53:44 | URI: /los-cerignola-api/api/orders | METHOD: GET
18:53:44 | URI: /los-cerignola-api/api/orders | METHOD: GET
18:53:45 | URI: /los-cerignola-api/api/orders | METHOD: GET
18:53:45 | URI: /los-cerignola-api/api/orders | METHOD: GET
18:53:45 | URI: /los-cerignola-api/api/orders | METHOD: GET
18:53:46 | URI: /los-cerignola-api/api/orders | METHOD: GET
18:53:46 | URI: /los-cerignola-api/api/orders | METHOD: GET
18:53:46 | URI: /los-cerignola-api/api/orders | METHOD: GET
18:53:47 | URI: /los-cerignola-api/api/orders | METHOD: GET
18:53:47 | URI: /los-cerignola-api/api/orders | METHOD: GET
18:53:48 | URI: /los-cerignola-api/api/orders | METHOD: GET
18:53:48 | URI: /los-cerignola-api/api/orders | METHOD: GET
18:53:48 | URI: /los-cerignola-api/api/orders | METHOD: GET
18:53:48 | URI: /los-cerignola-api/api/orders | METHOD: GET
18:53:49 | URI: /los-cerignola-api/api/orders | METHOD: GET
18:53:49 | URI: /los-cerignola-api/api/orders | METHOD: GET
18:53:49 | URI: /los-cerignola-api/api/orders | METHOD: GET
18:53:50 | URI: /los-cerignola-api/api/orders | METHOD: GET
18:53:50 | URI: /los-cerignola-api/api/orders | METHOD: GET
18:53:50 | URI: /los-cerignola-api/api/orders | METHOD: GET
18:53:51 | URI: /los-cerignola-api/api/orders | METHOD: GET
18:53:51 | URI: /los-cerignola-api/api/orders | METHOD: GET
18:53:51 | URI: /los-cerignola-api/api/orders | METHOD: GET
18:53:52 | URI: /los-cerignola-api/api/orders | METHOD: GET
18:53:52 | URI: /los-cerignola-api/api/orders | METHOD: GET
18:53:52 | URI: /los-cerignola-api/api/orders | METHOD: GET
18:53:53 | URI: /los-cerignola-api/api/orders | METHOD: GET
18:53:53 | URI: /los-cerignola-api/api/orders | METHOD: GET
18:53:53 | URI: /los-cerignola-api/api/orders | METHOD: GET
18:53:54 | URI: /los-cerignola-api/api/orders | METHOD: GET
18:53:54 | URI: /los-cerignola-api/api/orders | METHOD: GET
18:53:54 | URI: /los-cerignola-api/api/orders | METHOD: GET
18:53:55 | URI: /los-cerignola-api/api/orders | METHOD: GET
18:53:55 | URI: /los-cerignola-api/api/orders | METHOD: GET
18:53:55 | URI: /los-cerignola-api/api/orders | METHOD: GET
18:53:56 | URI: /los-cerignola-api/api/orders | METHOD: GET
18:53:56 | URI: /los-cerignola-api/api/orders | METHOD: GET
18:53:56 | URI: /los-cerignola-api/api/orders | METHOD: GET
18:53:57 | URI: /los-cerignola-api/api/orders | METHOD: GET
18:53:57 | URI: /los-cerignola-api/api/orders | METHOD: GET
18:53:58 | URI: /los-cerignola-api/api/orders | METHOD: GET
18:53:58 | URI: /los-cerignola-api/api/orders | METHOD: GET
18:53:59 | URI: /los-cerignola-api/api/orders | METHOD: GET
18:54:00 | URI: /los-cerignola-api/api/orders | METHOD: GET
18:54:01 | URI: /los-cerignola-api/api/orders | METHOD: GET
18:54:02 | URI: /los-cerignola-api/api/orders | METHOD: GET
18:54:03 | URI: /los-cerignola-api/api/orders | METHOD: GET
18:54:04 | URI: /los-cerignola-api/api/orders | METHOD: GET
18:54:05 | URI: /los-cerignola-api/api/orders | METHOD: GET
18:54:06 | URI: /los-cerignola-api/api/orders | METHOD: GET
18:54:07 | URI: /los-cerignola-api/api/orders | METHOD: GET
18:54:08 | URI: /los-cerignola-api/api/orders | METHOD: GET
18:54:09 | URI: /los-cerignola-api/api/orders | METHOD: GET
18:54:10 | URI: /los-cerignola-api/api/orders | METHOD: GET
18:54:11 | URI: /los-cerignola-api/api/orders | METHOD: GET
18:54:12 | URI: /los-cerignola-api/api/orders | METHOD: GET
18:54:13 | URI: /los-cerignola-api/api/orders | METHOD: GET
18:54:14 | URI: /los-cerignola-api/api/orders | METHOD: GET
18:54:15 | URI: /los-cerignola-api/api/orders | METHOD: GET
18:54:16 | URI: /los-cerignola-api/api/orders | METHOD: GET
18:54:17 | URI: /los-cerignola-api/api/orders | METHOD: GET
18:54:18 | URI: /los-cerignola-api/api/orders | METHOD: GET
18:54:19 | URI: /los-cerignola-api/api/orders | METHOD: GET
18:54:20 | URI: /los-cerignola-api/api/orders | METHOD: GET
18:54:21 | URI: /los-cerignola-api/api/orders | METHOD: GET
18:54:22 | URI: /los-cerignola-api/api/orders | METHOD: GET
18:54:23 | URI: /los-cerignola-api/api/orders | METHOD: GET
18:54:24 | URI: /los-cerignola-api/api/orders | METHOD: GET
18:54:25 | URI: /los-cerignola-api/api/orders | METHOD: GET
18:54:26 | URI: /los-cerignola-api/api/orders | METHOD: GET
18:54:27 | URI: /los-cerignola-api/api/orders | METHOD: GET
18:54:28 | URI: /los-cerignola-api/api/orders | METHOD: GET
18:54:29 | URI: /los-cerignola-api/api/orders | METHOD: GET
18:54:30 | URI: /los-cerignola-api/api/orders | METHOD: GET
18:54:32 | URI: /los-cerignola-api/api/orders | METHOD: GET
18:54:32 | URI: /los-cerignola-api/api/orders | METHOD: GET
18:54:33 | URI: /los-cerignola-api/api/orders | METHOD: GET
18:54:34 | URI: /los-cerignola-api/api/orders | METHOD: GET
18:54:35 | URI: /los-cerignola-api/api/orders | METHOD: GET
18:54:36 | URI: /los-cerignola-api/api/orders | METHOD: GET
18:54:37 | URI: /los-cerignola-api/api/orders | METHOD: GET
18:54:38 | URI: /los-cerignola-api/api/orders | METHOD: GET
18:54:39 | URI: /los-cerignola-api/api/orders | METHOD: GET
18:54:41 | URI: /los-cerignola-api/api/orders | METHOD: GET
18:54:41 | URI: /los-cerignola-api/api/orders | METHOD: GET
18:54:43 | URI: /los-cerignola-api/api/orders | METHOD: GET
18:54:44 | URI: /los-cerignola-api/api/orders | METHOD: GET
18:54:45 | URI: /los-cerignola-api/api/orders | METHOD: GET
18:54:46 | URI: /los-cerignola-api/api/orders | METHOD: GET
18:54:47 | URI: /los-cerignola-api/api/orders | METHOD: GET
18:54:48 | URI: /los-cerignola-api/api/orders | METHOD: GET
18:54:49 | URI: /los-cerignola-api/api/orders | METHOD: GET
18:54:50 | URI: /los-cerignola-api/api/orders | METHOD: GET
18:54:51 | URI: /los-cerignola-api/api/orders | METHOD: GET
18:54:52 | URI: /los-cerignola-api/api/orders | METHOD: GET
18:54:53 | URI: /los-cerignola-api/api/orders | METHOD: GET
18:54:54 | URI: /los-cerignola-api/api/orders | METHOD: GET
18:54:55 | URI: /los-cerignola-api/api/orders | METHOD: GET
18:54:56 | URI: /los-cerignola-api/api/orders | METHOD: GET
18:54:57 | URI: /los-cerignola-api/api/orders | METHOD: GET
18:54:58 | URI: /los-cerignola-api/api/orders | METHOD: GET
18:54:59 | URI: /los-cerignola-api/api/orders | METHOD: GET
18:55:00 | URI: /los-cerignola-api/api/orders | METHOD: GET
18:55:01 | URI: /los-cerignola-api/api/orders | METHOD: GET
18:55:02 | URI: /los-cerignola-api/api/orders | METHOD: GET
18:55:03 | URI: /los-cerignola-api/api/orders | METHOD: GET
18:55:04 | URI: /los-cerignola-api/api/orders | METHOD: GET
18:55:05 | URI: /los-cerignola-api/api/orders | METHOD: GET
18:55:06 | URI: /los-cerignola-api/api/orders | METHOD: GET
18:55:07 | URI: /los-cerignola-api/api/orders | METHOD: GET
18:55:08 | URI: /los-cerignola-api/api/orders | METHOD: GET
18:55:09 | URI: /los-cerignola-api/api/orders | METHOD: GET
18:55:10 | URI: /los-cerignola-api/api/orders | METHOD: GET
18:55:11 | URI: /los-cerignola-api/api/orders | METHOD: GET
18:55:12 | URI: /los-cerignola-api/api/orders | METHOD: GET
18:55:13 | URI: /los-cerignola-api/api/orders | METHOD: GET
18:55:14 | URI: /los-cerignola-api/api/orders | METHOD: GET
18:55:15 | URI: /los-cerignola-api/api/orders | METHOD: GET
18:55:16 | URI: /los-cerignola-api/api/orders | METHOD: GET
18:55:17 | URI: /los-cerignola-api/api/orders | METHOD: GET
18:55:18 | URI: /los-cerignola-api/api/orders | METHOD: GET
18:55:19 | URI: /los-cerignola-api/api/orders | METHOD: GET
18:55:20 | URI: /los-cerignola-api/api/orders | METHOD: GET
18:55:21 | URI: /los-cerignola-api/api/orders | METHOD: GET
18:55:22 | URI: /los-cerignola-api/api/orders | METHOD: GET
18:55:23 | URI: /los-cerignola-api/api/orders | METHOD: GET
18:55:24 | URI: /los-cerignola-api/api/orders | METHOD: GET
18:55:25 | URI: /los-cerignola-api/api/orders | METHOD: GET
18:55:26 | URI: /los-cerignola-api/api/orders | METHOD: GET
18:55:27 | URI: /los-cerignola-api/api/orders | METHOD: GET
18:55:28 | URI: /los-cerignola-api/api/orders | METHOD: GET
18:55:29 | URI: /los-cerignola-api/api/orders | METHOD: GET
18:55:30 | URI: /los-cerignola-api/api/orders | METHOD: GET
18:55:31 | URI: /los-cerignola-api/api/orders | METHOD: GET
18:55:32 | URI: /los-cerignola-api/api/orders | METHOD: GET
18:55:33 | URI: /los-cerignola-api/api/orders | METHOD: GET
18:55:34 | URI: /los-cerignola-api/api/orders | METHOD: GET
18:55:35 | URI: /los-cerignola-api/api/orders | METHOD: GET
18:55:36 | URI: /los-cerignola-api/api/orders | METHOD: GET
18:55:38 | URI: /los-cerignola-api/api/orders | METHOD: GET
18:55:38 | URI: /los-cerignola-api/api/orders | METHOD: GET
18:55:39 | URI: /los-cerignola-api/api/orders | METHOD: GET
18:55:40 | URI: /los-cerignola-api/api/orders | METHOD: GET
18:55:41 | URI: /los-cerignola-api/api/orders | METHOD: GET
18:55:42 | URI: /los-cerignola-api/api/orders | METHOD: GET
18:55:43 | URI: /los-cerignola-api/api/orders | METHOD: GET
18:55:45 | URI: /los-cerignola-api/api/orders | METHOD: GET
18:55:46 | URI: /los-cerignola-api/api/orders | METHOD: GET
18:55:47 | URI: /los-cerignola-api/api/orders | METHOD: GET
18:55:48 | URI: /los-cerignola-api/api/orders | METHOD: GET
18:55:49 | URI: /los-cerignola-api/api/orders | METHOD: GET
18:55:50 | URI: /los-cerignola-api/api/orders | METHOD: GET
18:55:51 | URI: /los-cerignola-api/api/orders | METHOD: GET
18:55:52 | URI: /los-cerignola-api/api/orders | METHOD: GET
18:55:53 | URI: /los-cerignola-api/api/orders | METHOD: GET
18:55:54 | URI: /los-cerignola-api/api/orders | METHOD: GET
18:55:55 | URI: /los-cerignola-api/api/orders | METHOD: GET
18:55:56 | URI: /los-cerignola-api/api/orders | METHOD: GET
18:55:57 | URI: /los-cerignola-api/api/orders | METHOD: GET
18:55:58 | URI: /los-cerignola-api/api/orders | METHOD: GET
18:55:59 | URI: /los-cerignola-api/api/orders | METHOD: GET
18:56:00 | URI: /los-cerignola-api/api/orders | METHOD: GET
18:56:01 | URI: /los-cerignola-api/api/orders | METHOD: GET
18:56:02 | URI: /los-cerignola-api/api/orders | METHOD: GET
18:56:03 | URI: /los-cerignola-api/api/orders | METHOD: GET
18:56:04 | URI: /los-cerignola-api/api/orders | METHOD: GET
18:56:05 | URI: /los-cerignola-api/api/orders | METHOD: GET
18:56:06 | URI: /los-cerignola-api/api/orders | METHOD: GET
18:56:07 | URI: /los-cerignola-api/api/orders | METHOD: GET
18:56:08 | URI: /los-cerignola-api/api/orders | METHOD: GET
18:56:09 | URI: /los-cerignola-api/api/orders | METHOD: GET
18:56:10 | URI: /los-cerignola-api/api/orders | METHOD: GET
18:56:11 | URI: /los-cerignola-api/api/orders | METHOD: GET
18:56:12 | URI: /los-cerignola-api/api/orders | METHOD: GET
18:56:13 | URI: /los-cerignola-api/api/orders | METHOD: GET
18:56:14 | URI: /los-cerignola-api/api/orders | METHOD: GET
18:56:15 | URI: /los-cerignola-api/api/orders | METHOD: GET
18:56:16 | URI: /los-cerignola-api/api/orders | METHOD: GET
18:56:17 | URI: /los-cerignola-api/api/orders | METHOD: GET
18:56:18 | URI: /los-cerignola-api/api/orders | METHOD: GET
18:56:19 | URI: /los-cerignola-api/api/orders | METHOD: GET
18:56:20 | URI: /los-cerignola-api/api/orders | METHOD: GET
18:56:21 | URI: /los-cerignola-api/api/orders | METHOD: GET
18:56:22 | URI: /los-cerignola-api/api/orders | METHOD: GET
18:56:23 | URI: /los-cerignola-api/api/orders | METHOD: GET
18:56:24 | URI: /los-cerignola-api/api/orders | METHOD: GET
18:56:25 | URI: /los-cerignola-api/api/orders | METHOD: GET
18:56:26 | URI: /los-cerignola-api/api/orders | METHOD: GET
18:56:27 | URI: /los-cerignola-api/api/orders | METHOD: GET
18:56:28 | URI: /los-cerignola-api/api/orders | METHOD: GET
18:56:29 | URI: /los-cerignola-api/api/orders | METHOD: GET
18:56:30 | URI: /los-cerignola-api/api/orders | METHOD: GET
18:56:31 | URI: /los-cerignola-api/api/orders | METHOD: GET
18:56:32 | URI: /los-cerignola-api/api/orders | METHOD: GET
18:56:33 | URI: /los-cerignola-api/api/orders | METHOD: GET
18:56:34 | URI: /los-cerignola-api/api/orders | METHOD: GET
18:56:35 | URI: /los-cerignola-api/api/orders | METHOD: GET
18:56:36 | URI: /los-cerignola-api/api/orders | METHOD: GET
18:56:37 | URI: /los-cerignola-api/api/orders | METHOD: GET
18:56:38 | URI: /los-cerignola-api/api/orders | METHOD: GET
18:56:39 | URI: /los-cerignola-api/api/orders | METHOD: GET
18:56:41 | URI: /los-cerignola-api/api/orders | METHOD: GET
18:56:41 | URI: /los-cerignola-api/api/orders | METHOD: GET
18:56:43 | URI: /los-cerignola-api/api/orders | METHOD: GET
18:56:43 | URI: /los-cerignola-api/api/orders | METHOD: GET
18:56:45 | URI: /los-cerignola-api/api/orders | METHOD: GET
18:56:46 | URI: /los-cerignola-api/api/orders | METHOD: GET
18:56:47 | URI: /los-cerignola-api/api/orders | METHOD: GET
18:56:48 | URI: /los-cerignola-api/api/orders | METHOD: GET
18:56:49 | URI: /los-cerignola-api/api/orders | METHOD: GET
18:56:50 | URI: /los-cerignola-api/api/orders | METHOD: GET
18:56:51 | URI: /los-cerignola-api/api/orders | METHOD: GET
18:56:52 | URI: /los-cerignola-api/api/orders | METHOD: GET
18:56:53 | URI: /los-cerignola-api/api/orders | METHOD: GET
18:56:54 | URI: /los-cerignola-api/api/orders | METHOD: GET
18:56:55 | URI: /los-cerignola-api/api/orders | METHOD: GET
18:56:56 | URI: /los-cerignola-api/api/orders | METHOD: GET
18:56:57 | URI: /los-cerignola-api/api/orders | METHOD: GET
18:56:58 | URI: /los-cerignola-api/api/orders | METHOD: GET
18:56:59 | URI: /los-cerignola-api/api/orders | METHOD: GET
18:57:00 | URI: /los-cerignola-api/api/orders | METHOD: GET
18:57:01 | URI: /los-cerignola-api/api/orders | METHOD: GET
18:57:02 | URI: /los-cerignola-api/api/orders | METHOD: GET
18:57:03 | URI: /los-cerignola-api/api/orders | METHOD: GET
18:57:04 | URI: /los-cerignola-api/api/orders | METHOD: GET
18:57:05 | URI: /los-cerignola-api/api/orders | METHOD: GET
18:57:06 | URI: /los-cerignola-api/api/orders | METHOD: GET
18:57:07 | URI: /los-cerignola-api/api/orders | METHOD: GET
18:57:08 | URI: /los-cerignola-api/api/orders | METHOD: GET
18:57:09 | URI: /los-cerignola-api/api/orders | METHOD: GET
18:57:11 | URI: /los-cerignola-api/api/orders | METHOD: GET
18:57:11 | URI: /los-cerignola-api/api/orders | METHOD: GET
18:57:12 | URI: /los-cerignola-api/api/orders | METHOD: GET
18:57:13 | URI: /los-cerignola-api/api/orders | METHOD: GET
18:57:14 | URI: /los-cerignola-api/api/orders | METHOD: GET
18:57:15 | URI: /los-cerignola-api/api/orders | METHOD: GET
18:57:16 | URI: /los-cerignola-api/api/orders | METHOD: GET
18:57:17 | URI: /los-cerignola-api/api/orders | METHOD: GET
18:57:18 | URI: /los-cerignola-api/api/orders | METHOD: GET
18:57:20 | URI: /los-cerignola-api/api/orders | METHOD: GET
18:57:20 | URI: /los-cerignola-api/api/orders | METHOD: GET
18:57:21 | URI: /los-cerignola-api/api/orders | METHOD: GET
18:57:22 | URI: /los-cerignola-api/api/orders | METHOD: GET
18:57:23 | URI: /los-cerignola-api/api/orders | METHOD: GET
18:57:24 | URI: /los-cerignola-api/api/orders | METHOD: GET
18:57:25 | URI: /los-cerignola-api/api/orders | METHOD: GET
18:57:27 | URI: /los-cerignola-api/api/orders | METHOD: GET
18:57:28 | URI: /los-cerignola-api/api/orders | METHOD: GET
18:57:29 | URI: /los-cerignola-api/api/orders | METHOD: GET
18:57:30 | URI: /los-cerignola-api/api/orders | METHOD: GET
18:57:31 | URI: /los-cerignola-api/api/orders | METHOD: GET
18:57:31 | URI: /los-cerignola-api/api/orders | METHOD: GET
18:57:33 | URI: /los-cerignola-api/api/orders | METHOD: GET
18:57:34 | URI: /los-cerignola-api/api/orders | METHOD: GET
18:57:34 | URI: /los-cerignola-api/api/orders | METHOD: GET
18:57:35 | URI: /los-cerignola-api/api/orders | METHOD: GET
18:57:37 | URI: /los-cerignola-api/api/orders | METHOD: GET
18:57:37 | URI: /los-cerignola-api/api/orders | METHOD: GET
18:57:39 | URI: /los-cerignola-api/api/orders | METHOD: GET
18:57:39 | URI: /los-cerignola-api/api/orders | METHOD: GET
18:57:41 | URI: /los-cerignola-api/api/orders | METHOD: GET
18:57:42 | URI: /los-cerignola-api/api/orders | METHOD: GET
18:57:42 | URI: /los-cerignola-api/api/orders | METHOD: GET
18:57:42 | URI: /los-cerignola-api/api/orders | METHOD: GET
18:57:42 | URI: /los-cerignola-api/api/orders | METHOD: GET
18:57:42 | URI: /los-cerignola-api/api/orders | METHOD: GET
18:57:42 | URI: /los-cerignola-api/api/orders | METHOD: GET
18:57:42 | URI: /los-cerignola-api/api/orders | METHOD: GET
18:57:44 | URI: /los-cerignola-api/api/orders | METHOD: GET
18:57:44 | URI: /los-cerignola-api/api/orders | METHOD: GET
18:57:44 | URI: /los-cerignola-api/api/orders | METHOD: GET
18:57:44 | URI: /los-cerignola-api/api/orders | METHOD: GET
18:57:44 | URI: /los-cerignola-api/api/orders | METHOD: GET
18:57:44 | URI: /los-cerignola-api/api/orders | METHOD: GET
18:57:46 | URI: /los-cerignola-api/api/orders | METHOD: GET
18:57:46 | URI: /los-cerignola-api/api/orders | METHOD: GET
18:57:46 | URI: /los-cerignola-api/api/orders | METHOD: GET
18:57:46 | URI: /los-cerignola-api/api/orders | METHOD: GET
18:57:46 | URI: /los-cerignola-api/api/orders | METHOD: GET
18:57:47 | URI: /los-cerignola-api/api/orders | METHOD: GET
18:57:48 | URI: /los-cerignola-api/api/orders | METHOD: GET
18:57:48 | URI: /los-cerignola-api/api/orders | METHOD: GET
18:57:48 | URI: /los-cerignola-api/api/orders | METHOD: GET
18:57:48 | URI: /los-cerignola-api/api/orders | METHOD: GET
18:57:48 | URI: /los-cerignola-api/api/orders | METHOD: GET
18:57:49 | URI: /los-cerignola-api/api/orders | METHOD: GET
18:57:49 | URI: /los-cerignola-api/api/orders | METHOD: GET
18:57:49 | URI: /los-cerignola-api/api/orders | METHOD: GET
18:57:50 | URI: /los-cerignola-api/api/orders | METHOD: GET
18:57:51 | URI: /los-cerignola-api/api/orders | METHOD: GET
18:57:51 | URI: /los-cerignola-api/api/orders | METHOD: GET
18:57:51 | URI: /los-cerignola-api/api/orders | METHOD: GET
18:57:52 | URI: /los-cerignola-api/api/orders | METHOD: GET
18:57:52 | URI: /los-cerignola-api/api/orders | METHOD: GET
18:57:52 | URI: /los-cerignola-api/api/orders | METHOD: GET
18:57:53 | URI: /los-cerignola-api/api/orders | METHOD: GET
18:57:53 | URI: /los-cerignola-api/api/orders | METHOD: GET
18:57:53 | URI: /los-cerignola-api/api/orders | METHOD: GET
18:57:53 | URI: /los-cerignola-api/api/orders | METHOD: POST
18:57:54 | URI: /los-cerignola-api/api/orders | METHOD: GET
18:57:54 | URI: /los-cerignola-api/api/orders | METHOD: GET
18:57:54 | URI: /los-cerignola-api/api/orders | METHOD: GET
18:57:55 | URI: /los-cerignola-api/api/orders | METHOD: GET
18:57:55 | URI: /los-cerignola-api/api/orders | METHOD: GET
18:57:55 | URI: /los-cerignola-api/api/orders | METHOD: GET
18:57:59 | URI: /los-cerignola-api/api/orders | METHOD: GET
18:57:59 | URI: /los-cerignola-api/api/orders | METHOD: GET
18:58:02 | URI: /los-cerignola-api/api/orders | METHOD: GET
18:58:02 | URI: /los-cerignola-api/api/orders | METHOD: GET
18:58:03 | URI: /los-cerignola-api/api/orders?action=delete | METHOD: POST
18:58:03 | URI: /los-cerignola-api/api/orders | METHOD: GET
18:58:03 | URI: /los-cerignola-api/api/orders | METHOD: GET
18:58:03 | URI: /los-cerignola-api/api/orders | METHOD: GET
18:58:03 | URI: /los-cerignola-api/api/orders | METHOD: GET
18:58:03 | URI: /los-cerignola-api/api/orders | METHOD: GET
18:58:03 | URI: /los-cerignola-api/api/orders | METHOD: GET
18:58:03 | URI: /los-cerignola-api/api/orders | METHOD: GET
18:58:10 | URI: /los-cerignola-api/api/orders | METHOD: GET
18:58:10 | URI: /los-cerignola-api/api/orders | METHOD: GET
18:58:10 | URI: /los-cerignola-api/api/orders | METHOD: GET
18:58:11 | URI: /los-cerignola-api/api/orders | METHOD: GET
18:58:12 | URI: /los-cerignola-api/api/orders | METHOD: GET
18:58:13 | URI: /los-cerignola-api/api/orders | METHOD: GET
18:58:13 | URI: /los-cerignola-api/api/orders | METHOD: GET
18:58:13 | URI: /los-cerignola-api/api/orders/16?status=In%20Preparazione | METHOD: PATCH
18:58:13 | URI: /los-cerignola-api/api/orders | METHOD: GET
18:58:13 | URI: /los-cerignola-api/api/orders | METHOD: GET
18:58:13 | URI: /los-cerignola-api/api/orders | METHOD: GET
18:58:13 | URI: /los-cerignola-api/api/orders | METHOD: GET
18:58:13 | URI: /los-cerignola-api/api/orders | METHOD: GET
18:58:13 | URI: /los-cerignola-api/api/orders | METHOD: GET
18:58:13 | URI: /los-cerignola-api/api/orders | METHOD: GET
18:58:13 | URI: /los-cerignola-api/api/orders | METHOD: GET
18:58:13 | URI: /los-cerignola-api/api/orders | METHOD: GET
18:58:13 | URI: /los-cerignola-api/api/orders | METHOD: GET
18:58:13 | URI: /los-cerignola-api/api/orders | METHOD: GET
18:58:13 | URI: /los-cerignola-api/api/orders | METHOD: GET
18:58:13 | URI: /los-cerignola-api/api/orders | METHOD: GET
18:58:14 | URI: /los-cerignola-api/api/orders | METHOD: GET
18:58:14 | URI: /los-cerignola-api/api/orders | METHOD: GET
18:58:14 | URI: /los-cerignola-api/api/orders | METHOD: GET
18:58:14 | URI: /los-cerignola-api/api/orders | METHOD: GET
18:58:14 | URI: /los-cerignola-api/api/orders | METHOD: GET
18:58:14 | URI: /los-cerignola-api/api/orders | METHOD: GET
18:58:14 | URI: /los-cerignola-api/api/orders | METHOD: GET
18:58:14 | URI: /los-cerignola-api/api/orders | METHOD: GET
18:58:14 | URI: /los-cerignola-api/api/orders | METHOD: GET
18:58:14 | URI: /los-cerignola-api/api/orders | METHOD: GET
18:58:16 | URI: /los-cerignola-api/api/orders | METHOD: GET
18:58:16 | URI: /los-cerignola-api/api/orders | METHOD: GET
18:58:16 | URI: /los-cerignola-api/api/orders | METHOD: GET
18:58:16 | URI: /los-cerignola-api/api/orders | METHOD: GET
18:58:16 | URI: /los-cerignola-api/api/orders | METHOD: GET
18:58:16 | URI: /los-cerignola-api/api/orders | METHOD: GET
18:58:16 | URI: /los-cerignola-api/api/orders | METHOD: GET
18:58:16 | URI: /los-cerignola-api/api/orders | METHOD: GET
18:58:16 | URI: /los-cerignola-api/api/orders | METHOD: GET
18:58:16 | URI: /los-cerignola-api/api/orders | METHOD: GET
18:58:16 | URI: /los-cerignola-api/api/orders | METHOD: GET
18:58:16 | URI: /los-cerignola-api/api/orders | METHOD: GET
18:58:17 | URI: /los-cerignola-api/api/orders | METHOD: GET
18:58:17 | URI: /los-cerignola-api/api/orders | METHOD: GET
18:58:17 | URI: /los-cerignola-api/api/orders | METHOD: GET
18:58:17 | URI: /los-cerignola-api/api/orders | METHOD: GET
18:58:17 | URI: /los-cerignola-api/api/orders | METHOD: GET
18:58:17 | URI: /los-cerignola-api/api/orders/16?status=In%20Preparazione | METHOD: PATCH
18:58:17 | URI: /los-cerignola-api/api/orders | METHOD: GET
18:58:17 | URI: /los-cerignola-api/api/orders | METHOD: GET
18:58:17 | URI: /los-cerignola-api/api/orders | METHOD: GET
18:58:17 | URI: /los-cerignola-api/api/orders | METHOD: GET
18:58:17 | URI: /los-cerignola-api/api/orders | METHOD: GET
18:58:17 | URI: /los-cerignola-api/api/orders | METHOD: GET
18:58:19 | URI: /los-cerignola-api/api/orders | METHOD: GET
18:58:19 | URI: /los-cerignola-api/api/orders | METHOD: GET
18:58:45 | URI: /los-cerignola-api/api/orders | METHOD: GET
18:58:46 | URI: /los-cerignola-api/api/orders | METHOD: GET
18:58:46 | URI: /los-cerignola-api/api/orders | METHOD: GET
18:58:47 | URI: /los-cerignola-api/api/orders | METHOD: GET
18:58:47 | URI: /los-cerignola-api/api/orders | METHOD: GET
18:58:48 | URI: /los-cerignola-api/api/orders | METHOD: GET
18:58:48 | URI: /los-cerignola-api/api/orders | METHOD: GET
18:58:49 | URI: /los-cerignola-api/api/orders | METHOD: GET
18:58:49 | URI: /los-cerignola-api/api/orders | METHOD: GET
18:58:50 | URI: /los-cerignola-api/api/orders | METHOD: GET
18:58:50 | URI: /los-cerignola-api/api/orders | METHOD: GET
18:58:51 | URI: /los-cerignola-api/api/orders | METHOD: GET
18:58:51 | URI: /los-cerignola-api/api/orders | METHOD: GET
18:58:52 | URI: /los-cerignola-api/api/orders | METHOD: GET
18:58:52 | URI: /los-cerignola-api/api/orders | METHOD: GET
18:58:53 | URI: /los-cerignola-api/api/orders | METHOD: GET
18:58:53 | URI: /los-cerignola-api/api/orders | METHOD: GET
18:58:54 | URI: /los-cerignola-api/api/orders | METHOD: GET
18:58:54 | URI: /los-cerignola-api/api/orders | METHOD: GET
18:58:55 | URI: /los-cerignola-api/api/orders | METHOD: GET
18:58:55 | URI: /los-cerignola-api/api/orders | METHOD: GET
18:58:56 | URI: /los-cerignola-api/api/orders | METHOD: GET
18:58:56 | URI: /los-cerignola-api/api/orders | METHOD: GET
18:58:57 | URI: /los-cerignola-api/api/orders | METHOD: GET
18:58:57 | URI: /los-cerignola-api/api/orders | METHOD: GET
18:58:58 | URI: /los-cerignola-api/api/orders | METHOD: GET
18:58:58 | URI: /los-cerignola-api/api/login | METHOD: POST
18:58:58 | URI: /los-cerignola-api/api/orders | METHOD: GET
18:58:58 | URI: /los-cerignola-api/api/orders | METHOD: GET
18:58:59 | URI: /los-cerignola-api/api/orders | METHOD: GET
18:58:59 | URI: /los-cerignola-api/api/orders | METHOD: GET
18:59:00 | URI: /los-cerignola-api/api/orders | METHOD: GET
18:59:00 | URI: /los-cerignola-api/api/orders | METHOD: GET
18:59:01 | URI: /los-cerignola-api/api/orders | METHOD: GET
18:59:01 | URI: /los-cerignola-api/api/orders | METHOD: GET
18:59:01 | URI: /los-cerignola-api/api/orders | METHOD: GET
18:59:02 | URI: /los-cerignola-api/api/orders | METHOD: GET
18:59:02 | URI: /los-cerignola-api/api/orders | METHOD: GET
18:59:02 | URI: /los-cerignola-api/api/orders | METHOD: GET
18:59:03 | URI: /los-cerignola-api/api/orders | METHOD: GET
18:59:03 | URI: /los-cerignola-api/api/orders | METHOD: GET
18:59:03 | URI: /los-cerignola-api/api/loyalty | METHOD: GET
18:59:03 | URI: /los-cerignola-api/api/orders | METHOD: GET
18:59:04 | URI: /los-cerignola-api/api/orders | METHOD: GET
18:59:04 | URI: /los-cerignola-api/api/orders | METHOD: GET
18:59:04 | URI: /los-cerignola-api/api/orders | METHOD: GET
18:59:05 | URI: /los-cerignola-api/api/orders | METHOD: GET
18:59:05 | URI: /los-cerignola-api/api/orders | METHOD: GET
18:59:05 | URI: /los-cerignola-api/api/orders | METHOD: GET
18:59:06 | URI: /los-cerignola-api/api/orders | METHOD: GET
18:59:06 | URI: /los-cerignola-api/api/orders | METHOD: GET
18:59:06 | URI: /los-cerignola-api/api/orders | METHOD: GET
18:59:07 | URI: /los-cerignola-api/api/orders | METHOD: GET
18:59:07 | URI: /los-cerignola-api/api/orders | METHOD: GET
18:59:08 | URI: /los-cerignola-api/api/orders | METHOD: GET
18:59:08 | URI: /los-cerignola-api/api/orders | METHOD: GET
18:59:08 | URI: /los-cerignola-api/api/orders | METHOD: GET
18:59:09 | URI: /los-cerignola-api/api/orders | METHOD: GET
18:59:09 | URI: /los-cerignola-api/api/orders | METHOD: GET
18:59:09 | URI: /los-cerignola-api/api/orders | METHOD: GET
18:59:10 | URI: /los-cerignola-api/api/orders | METHOD: GET
18:59:10 | URI: /los-cerignola-api/api/orders | METHOD: GET
18:59:10 | URI: /los-cerignola-api/api/login | METHOD: POST
18:59:10 | URI: /los-cerignola-api/api/orders | METHOD: GET
18:59:10 | URI: /los-cerignola-api/api/orders | METHOD: GET
18:59:10 | URI: /los-cerignola-api/api/loyalty | METHOD: GET
18:59:10 | URI: /los-cerignola-api/api/orders | METHOD: GET
18:59:11 | URI: /los-cerignola-api/api/orders | METHOD: GET
18:59:11 | URI: /los-cerignola-api/api/orders | METHOD: GET
18:59:11 | URI: /los-cerignola-api/api/orders | METHOD: GET
18:59:12 | URI: /los-cerignola-api/api/orders | METHOD: GET
18:59:12 | URI: /los-cerignola-api/api/orders | METHOD: GET
18:59:12 | URI: /los-cerignola-api/api/orders | METHOD: GET
18:59:13 | URI: /los-cerignola-api/api/orders | METHOD: GET
18:59:13 | URI: /los-cerignola-api/api/orders | METHOD: GET
18:59:13 | URI: /los-cerignola-api/api/orders | METHOD: GET
18:59:14 | URI: /los-cerignola-api/api/orders | METHOD: GET
18:59:14 | URI: /los-cerignola-api/api/orders | METHOD: GET
18:59:14 | URI: /los-cerignola-api/api/orders | METHOD: GET
18:59:15 | URI: /los-cerignola-api/api/orders | METHOD: GET
18:59:15 | URI: /los-cerignola-api/api/orders/16?status=Pronto | METHOD: PATCH
18:59:15 | URI: /los-cerignola-api/api/orders | METHOD: GET
18:59:15 | URI: /los-cerignola-api/api/orders | METHOD: GET
18:59:16 | URI: /los-cerignola-api/api/orders | METHOD: GET
18:59:16 | URI: /los-cerignola-api/api/orders | METHOD: GET
18:59:16 | URI: /los-cerignola-api/api/orders | METHOD: GET
18:59:17 | URI: /los-cerignola-api/api/orders | METHOD: GET
18:59:18 | URI: /los-cerignola-api/api/orders | METHOD: GET
18:59:18 | URI: /los-cerignola-api/api/orders | METHOD: GET
18:59:18 | URI: /los-cerignola-api/api/orders | METHOD: GET
18:59:18 | URI: /los-cerignola-api/api/orders?action=delete | METHOD: POST
18:59:19 | URI: /los-cerignola-api/api/orders | METHOD: GET
18:59:19 | URI: /los-cerignola-api/api/orders | METHOD: GET
18:59:19 | URI: /los-cerignola-api/api/orders | METHOD: GET
18:59:19 | URI: /los-cerignola-api/api/orders | METHOD: GET
18:59:19 | URI: /los-cerignola-api/api/orders | METHOD: GET
18:59:20 | URI: /los-cerignola-api/api/orders | METHOD: GET
18:59:20 | URI: /los-cerignola-api/api/orders | METHOD: GET
18:59:20 | URI: /los-cerignola-api/api/orders | METHOD: GET
18:59:21 | URI: /los-cerignola-api/api/orders | METHOD: GET
18:59:22 | URI: /los-cerignola-api/api/orders | METHOD: GET
18:59:22 | URI: /los-cerignola-api/api/orders | METHOD: GET
18:59:22 | URI: /los-cerignola-api/api/orders | METHOD: GET
18:59:23 | URI: /los-cerignola-api/api/orders | METHOD: GET
18:59:23 | URI: /los-cerignola-api/api/orders | METHOD: GET
18:59:24 | URI: /los-cerignola-api/api/orders | METHOD: GET
18:59:24 | URI: /los-cerignola-api/api/orders | METHOD: GET
18:59:24 | URI: /los-cerignola-api/api/orders | METHOD: GET
18:59:24 | URI: /los-cerignola-api/api/orders | METHOD: GET
18:59:25 | URI: /los-cerignola-api/api/orders | METHOD: GET
18:59:25 | URI: /los-cerignola-api/api/orders | METHOD: GET
18:59:25 | URI: /los-cerignola-api/api/orders | METHOD: GET
18:59:26 | URI: /los-cerignola-api/api/orders | METHOD: GET
18:59:26 | URI: /los-cerignola-api/api/orders | METHOD: GET
18:59:26 | URI: /los-cerignola-api/api/orders | METHOD: GET
18:59:26 | URI: /los-cerignola-api/api/orders | METHOD: GET
18:59:26 | URI: /los-cerignola-api/api/orders | METHOD: GET
18:59:27 | URI: /los-cerignola-api/api/orders | METHOD: GET
18:59:27 | URI: /los-cerignola-api/api/orders | METHOD: GET
18:59:27 | URI: /los-cerignola-api/api/orders | METHOD: GET
18:59:28 | URI: /los-cerignola-api/api/orders | METHOD: GET
18:59:28 | URI: /los-cerignola-api/api/orders | METHOD: GET
18:59:28 | URI: /los-cerignola-api/api/orders | METHOD: GET
18:59:29 | URI: /los-cerignola-api/api/orders | METHOD: GET
18:59:29 | URI: /los-cerignola-api/api/orders | METHOD: GET
18:59:29 | URI: /los-cerignola-api/api/orders | METHOD: GET
18:59:30 | URI: /los-cerignola-api/api/orders | METHOD: GET
18:59:30 | URI: /los-cerignola-api/api/orders | METHOD: GET
18:59:30 | URI: /los-cerignola-api/api/orders | METHOD: GET
18:59:31 | URI: /los-cerignola-api/api/orders | METHOD: GET
18:59:31 | URI: /los-cerignola-api/api/orders | METHOD: GET
18:59:31 | URI: /los-cerignola-api/api/orders | METHOD: GET
18:59:32 | URI: /los-cerignola-api/api/orders | METHOD: GET
18:59:33 | URI: /los-cerignola-api/api/orders | METHOD: GET
18:59:33 | URI: /los-cerignola-api/api/orders | METHOD: GET
18:59:33 | URI: /los-cerignola-api/api/orders | METHOD: GET
18:59:34 | URI: /los-cerignola-api/api/orders | METHOD: GET
18:59:34 | URI: /los-cerignola-api/api/orders | METHOD: GET
18:59:34 | URI: /los-cerignola-api/api/orders | METHOD: GET
18:59:35 | URI: /los-cerignola-api/api/orders | METHOD: GET
18:59:35 | URI: /los-cerignola-api/api/orders | METHOD: GET
18:59:35 | URI: /los-cerignola-api/api/orders | METHOD: GET
18:59:36 | URI: /los-cerignola-api/api/orders | METHOD: GET
18:59:36 | URI: /los-cerignola-api/api/orders | METHOD: GET
18:59:36 | URI: /los-cerignola-api/api/orders | METHOD: GET
18:59:37 | URI: /los-cerignola-api/api/orders | METHOD: GET
18:59:37 | URI: /los-cerignola-api/api/orders | METHOD: GET
18:59:37 | URI: /los-cerignola-api/api/orders | METHOD: GET
18:59:38 | URI: /los-cerignola-api/api/orders | METHOD: GET
18:59:38 | URI: /los-cerignola-api/api/orders | METHOD: GET
18:59:38 | URI: /los-cerignola-api/api/orders | METHOD: GET
18:59:39 | URI: /los-cerignola-api/api/orders | METHOD: GET
18:59:39 | URI: /los-cerignola-api/api/orders | METHOD: GET
18:59:39 | URI: /los-cerignola-api/api/orders | METHOD: GET
18:59:40 | URI: /los-cerignola-api/api/orders | METHOD: GET
18:59:40 | URI: /los-cerignola-api/api/orders | METHOD: GET
18:59:40 | URI: /los-cerignola-api/api/orders | METHOD: GET
18:59:41 | URI: /los-cerignola-api/api/orders | METHOD: GET
18:59:41 | URI: /los-cerignola-api/api/orders | METHOD: GET
18:59:41 | URI: /los-cerignola-api/api/orders | METHOD: GET
18:59:42 | URI: /los-cerignola-api/api/orders | METHOD: GET
18:59:42 | URI: /los-cerignola-api/api/orders | METHOD: GET
18:59:42 | URI: /los-cerignola-api/api/orders | METHOD: GET
19:00:22 | URI: /los-cerignola-api/api/orders | METHOD: GET
19:00:22 | URI: /los-cerignola-api/api/orders | METHOD: GET
19:00:22 | URI: /los-cerignola-api/api/orders | METHOD: GET
19:00:23 | URI: /los-cerignola-api/api/orders | METHOD: GET
19:00:23 | URI: /los-cerignola-api/api/orders | METHOD: GET
19:00:23 | URI: /los-cerignola-api/api/orders | METHOD: GET
19:00:24 | URI: /los-cerignola-api/api/orders | METHOD: GET
19:00:24 | URI: /los-cerignola-api/api/orders | METHOD: GET
19:00:24 | URI: /los-cerignola-api/api/orders | METHOD: GET
19:00:25 | URI: /los-cerignola-api/api/orders | METHOD: GET
19:00:25 | URI: /los-cerignola-api/api/orders | METHOD: GET
19:00:25 | URI: /los-cerignola-api/api/orders | METHOD: GET
19:00:25 | URI: /los-cerignola-api/api/orders?action=delete | METHOD: POST
19:00:25 | URI: /los-cerignola-api/api/orders | METHOD: GET
19:00:26 | URI: /los-cerignola-api/api/orders | METHOD: GET
19:00:26 | URI: /los-cerignola-api/api/orders | METHOD: GET
19:00:26 | URI: /los-cerignola-api/api/orders | METHOD: GET
19:00:27 | URI: /los-cerignola-api/api/orders | METHOD: GET
19:00:27 | URI: /los-cerignola-api/api/orders | METHOD: GET
19:00:27 | URI: /los-cerignola-api/api/orders | METHOD: GET
19:00:28 | URI: /los-cerignola-api/api/orders | METHOD: GET
19:00:28 | URI: /los-cerignola-api/api/orders | METHOD: GET
19:00:28 | URI: /los-cerignola-api/api/orders | METHOD: GET
19:00:29 | URI: /los-cerignola-api/api/orders | METHOD: GET
19:00:29 | URI: /los-cerignola-api/api/orders | METHOD: GET
19:00:29 | URI: /los-cerignola-api/api/orders | METHOD: GET
19:00:30 | URI: /los-cerignola-api/api/orders | METHOD: GET
19:00:30 | URI: /los-cerignola-api/api/orders | METHOD: GET
19:00:30 | URI: /los-cerignola-api/api/orders | METHOD: GET
19:00:31 | URI: /los-cerignola-api/api/orders | METHOD: GET
19:00:31 | URI: /los-cerignola-api/api/orders | METHOD: GET
19:00:31 | URI: /los-cerignola-api/api/orders | METHOD: GET
19:00:32 | URI: /los-cerignola-api/api/orders | METHOD: GET
19:00:32 | URI: /los-cerignola-api/api/orders | METHOD: GET
19:00:32 | URI: /los-cerignola-api/api/orders | METHOD: GET
19:00:33 | URI: /los-cerignola-api/api/orders | METHOD: GET
19:00:33 | URI: /los-cerignola-api/api/orders | METHOD: GET
19:00:33 | URI: /los-cerignola-api/api/orders | METHOD: GET
19:00:34 | URI: /los-cerignola-api/api/orders | METHOD: GET
19:00:35 | URI: /los-cerignola-api/api/orders | METHOD: GET
19:00:35 | URI: /los-cerignola-api/api/orders | METHOD: GET
19:00:35 | URI: /los-cerignola-api/api/orders | METHOD: GET
19:00:36 | URI: /los-cerignola-api/api/orders | METHOD: GET
19:00:36 | URI: /los-cerignola-api/api/orders | METHOD: GET
19:00:36 | URI: /los-cerignola-api/api/orders | METHOD: GET
19:00:36 | URI: /los-cerignola-api/api/orders | METHOD: GET
19:00:36 | URI: /los-cerignola-api/api/orders | METHOD: GET
19:00:37 | URI: /los-cerignola-api/api/orders | METHOD: GET
19:00:37 | URI: /los-cerignola-api/api/orders | METHOD: GET
19:00:37 | URI: /los-cerignola-api/api/orders | METHOD: GET
19:00:39 | URI: /los-cerignola-api/api/orders | METHOD: GET
19:00:39 | URI: /los-cerignola-api/api/orders | METHOD: GET
19:00:40 | URI: /los-cerignola-api/api/orders | METHOD: GET
19:00:40 | URI: /los-cerignola-api/api/orders | METHOD: GET
19:00:40 | URI: /los-cerignola-api/api/orders | METHOD: GET
19:00:40 | URI: /los-cerignola-api/api/orders | METHOD: GET
19:00:40 | URI: /los-cerignola-api/api/orders | METHOD: GET
19:00:40 | URI: /los-cerignola-api/api/orders | METHOD: GET
19:00:40 | URI: /los-cerignola-api/api/orders | METHOD: GET
19:00:41 | URI: /los-cerignola-api/api/orders | METHOD: GET
19:00:42 | URI: /los-cerignola-api/api/orders | METHOD: GET
19:00:42 | URI: /los-cerignola-api/api/orders | METHOD: GET
19:00:42 | URI: /los-cerignola-api/api/orders | METHOD: GET
19:00:43 | URI: /los-cerignola-api/api/orders | METHOD: GET
19:00:43 | URI: /los-cerignola-api/api/orders | METHOD: GET
19:00:43 | URI: /los-cerignola-api/api/orders | METHOD: GET
19:00:44 | URI: /los-cerignola-api/api/orders | METHOD: GET
19:00:44 | URI: /los-cerignola-api/api/orders | METHOD: GET
19:00:44 | URI: /los-cerignola-api/api/orders | METHOD: GET
19:00:45 | URI: /los-cerignola-api/api/orders | METHOD: GET
19:00:45 | URI: /los-cerignola-api/api/orders | METHOD: GET
19:00:45 | URI: /los-cerignola-api/api/orders | METHOD: GET
19:00:46 | URI: /los-cerignola-api/api/orders | METHOD: GET
19:00:46 | URI: /los-cerignola-api/api/orders | METHOD: GET
19:00:46 | URI: /los-cerignola-api/api/orders | METHOD: GET
19:00:47 | URI: /los-cerignola-api/api/orders | METHOD: GET
19:00:47 | URI: /los-cerignola-api/api/orders | METHOD: GET
19:00:48 | URI: /los-cerignola-api/api/orders | METHOD: GET
19:00:48 | URI: /los-cerignola-api/api/orders | METHOD: GET
19:00:49 | URI: /los-cerignola-api/api/orders | METHOD: GET
19:00:49 | URI: /los-cerignola-api/api/orders | METHOD: GET
19:00:49 | URI: /los-cerignola-api/api/orders | METHOD: GET
19:00:49 | URI: /los-cerignola-api/api/orders | METHOD: GET
19:00:50 | URI: /los-cerignola-api/api/orders | METHOD: GET
19:00:50 | URI: /los-cerignola-api/api/orders | METHOD: GET
19:00:50 | URI: /los-cerignola-api/api/orders | METHOD: GET
19:00:51 | URI: /los-cerignola-api/api/orders | METHOD: GET
19:00:51 | URI: /los-cerignola-api/api/orders | METHOD: GET
19:00:51 | URI: /los-cerignola-api/api/orders | METHOD: GET
19:01:15 | URI: /los-cerignola-api/api/orders | METHOD: GET
19:01:15 | URI: /los-cerignola-api/api/orders | METHOD: GET
19:01:15 | URI: /los-cerignola-api/api/orders | METHOD: GET
19:01:15 | URI: /los-cerignola-api/api/orders | METHOD: GET
19:01:15 | URI: /los-cerignola-api/api/orders | METHOD: GET
19:01:15 | URI: /los-cerignola-api/api/orders | METHOD: GET
19:01:15 | URI: /los-cerignola-api/api/orders | METHOD: GET
19:01:15 | URI: /los-cerignola-api/api/orders | METHOD: GET
19:01:15 | URI: /los-cerignola-api/api/orders | METHOD: GET
19:01:15 | URI: /los-cerignola-api/api/orders | METHOD: GET
19:01:15 | URI: /los-cerignola-api/api/orders | METHOD: GET
19:01:15 | URI: /los-cerignola-api/api/orders | METHOD: GET
19:01:15 | URI: /los-cerignola-api/api/orders | METHOD: GET
19:01:15 | URI: /los-cerignola-api/api/orders | METHOD: GET
19:01:15 | URI: /los-cerignola-api/api/orders | METHOD: GET
19:01:15 | URI: /los-cerignola-api/api/orders | METHOD: GET
19:01:15 | URI: /los-cerignola-api/api/orders | METHOD: GET
19:01:15 | URI: /los-cerignola-api/api/orders | METHOD: GET
19:01:15 | URI: /los-cerignola-api/api/orders | METHOD: GET
19:01:15 | URI: /los-cerignola-api/api/orders | METHOD: GET
19:01:15 | URI: /los-cerignola-api/api/orders | METHOD: GET
19:01:15 | URI: /los-cerignola-api/api/orders | METHOD: GET
19:01:15 | URI: /los-cerignola-api/api/orders | METHOD: GET
19:01:15 | URI: /los-cerignola-api/api/orders | METHOD: GET
19:01:15 | URI: /los-cerignola-api/api/orders | METHOD: GET
19:01:15 | URI: /los-cerignola-api/api/orders | METHOD: GET
19:01:15 | URI: /los-cerignola-api/api/orders | METHOD: GET
19:01:15 | URI: /los-cerignola-api/api/orders | METHOD: GET
19:01:15 | URI: /los-cerignola-api/api/orders | METHOD: GET
19:01:15 | URI: /los-cerignola-api/api/orders | METHOD: GET
19:01:15 | URI: /los-cerignola-api/api/orders | METHOD: GET
19:01:15 | URI: /los-cerignola-api/api/orders | METHOD: GET
19:01:15 | URI: /los-cerignola-api/api/orders | METHOD: GET
19:01:15 | URI: /los-cerignola-api/api/orders | METHOD: GET
19:01:15 | URI: /los-cerignola-api/api/orders | METHOD: GET
19:01:15 | URI: /los-cerignola-api/api/orders | METHOD: GET
19:01:15 | URI: /los-cerignola-api/api/orders | METHOD: GET
19:01:15 | URI: /los-cerignola-api/api/orders | METHOD: GET
19:01:15 | URI: /los-cerignola-api/api/orders | METHOD: GET
19:01:15 | URI: /los-cerignola-api/api/orders | METHOD: GET
19:01:15 | URI: /los-cerignola-api/api/orders | METHOD: GET
19:01:15 | URI: /los-cerignola-api/api/orders | METHOD: GET
19:01:15 | URI: /los-cerignola-api/api/orders | METHOD: GET
19:01:15 | URI: /los-cerignola-api/api/orders | METHOD: GET
19:01:15 | URI: /los-cerignola-api/api/orders | METHOD: GET
19:01:15 | URI: /los-cerignola-api/api/orders | METHOD: GET
19:01:15 | URI: /los-cerignola-api/api/orders | METHOD: GET
19:01:15 | URI: /los-cerignola-api/api/orders | METHOD: GET
19:01:15 | URI: /los-cerignola-api/api/orders | METHOD: GET
19:01:15 | URI: /los-cerignola-api/api/orders | METHOD: GET
19:01:15 | URI: /los-cerignola-api/api/orders | METHOD: GET
19:01:15 | URI: /los-cerignola-api/api/orders | METHOD: GET
19:01:15 | URI: /los-cerignola-api/api/orders | METHOD: GET
19:01:15 | URI: /los-cerignola-api/api/orders | METHOD: GET
19:01:15 | URI: /los-cerignola-api/api/orders | METHOD: GET
19:01:15 | URI: /los-cerignola-api/api/orders | METHOD: GET
19:01:15 | URI: /los-cerignola-api/api/orders | METHOD: GET
19:01:15 | URI: /los-cerignola-api/api/orders | METHOD: GET
19:01:15 | URI: /los-cerignola-api/api/orders | METHOD: GET
19:01:15 | URI: /los-cerignola-api/api/orders | METHOD: GET
19:01:16 | URI: /los-cerignola-api/api/orders | METHOD: GET
19:01:16 | URI: /los-cerignola-api/api/orders | METHOD: GET
19:01:16 | URI: /los-cerignola-api/api/orders | METHOD: GET
19:01:16 | URI: /los-cerignola-api/api/orders | METHOD: GET
19:01:16 | URI: /los-cerignola-api/api/orders | METHOD: GET
19:01:16 | URI: /los-cerignola-api/api/orders | METHOD: GET
19:01:16 | URI: /los-cerignola-api/api/orders | METHOD: GET
19:01:16 | URI: /los-cerignola-api/api/orders | METHOD: GET
19:01:16 | URI: /los-cerignola-api/api/orders | METHOD: GET
19:01:16 | URI: /los-cerignola-api/api/orders | METHOD: GET
19:01:16 | URI: /los-cerignola-api/api/orders | METHOD: GET
19:01:16 | URI: /los-cerignola-api/api/orders | METHOD: GET
19:01:16 | URI: /los-cerignola-api/api/orders | METHOD: GET
19:01:16 | URI: /los-cerignola-api/api/orders | METHOD: GET
19:01:17 | URI: /los-cerignola-api/api/orders | METHOD: GET
19:01:17 | URI: /los-cerignola-api/api/orders | METHOD: GET
19:01:17 | URI: /los-cerignola-api/api/orders | METHOD: GET
19:01:17 | URI: /los-cerignola-api/api/orders | METHOD: GET
19:01:18 | URI: /los-cerignola-api/api/orders | METHOD: GET
19:01:18 | URI: /los-cerignola-api/api/orders | METHOD: GET
19:01:18 | URI: /los-cerignola-api/api/orders | METHOD: GET
19:01:19 | URI: /los-cerignola-api/api/orders | METHOD: GET
19:01:19 | URI: /los-cerignola-api/api/orders | METHOD: GET
19:01:19 | URI: /los-cerignola-api/api/orders | METHOD: GET
19:01:20 | URI: /los-cerignola-api/api/orders | METHOD: GET
19:01:20 | URI: /los-cerignola-api/api/orders | METHOD: GET
19:01:20 | URI: /los-cerignola-api/api/orders | METHOD: GET
19:01:21 | URI: /los-cerignola-api/api/orders | METHOD: GET
19:01:21 | URI: /los-cerignola-api/api/orders | METHOD: GET
19:01:21 | URI: /los-cerignola-api/api/orders | METHOD: GET
19:01:22 | URI: /los-cerignola-api/api/orders | METHOD: GET
19:01:22 | URI: /los-cerignola-api/api/orders | METHOD: GET
19:01:22 | URI: /los-cerignola-api/api/orders | METHOD: GET
19:01:23 | URI: /los-cerignola-api/api/orders | METHOD: GET
19:01:23 | URI: /los-cerignola-api/api/orders | METHOD: GET
19:01:23 | URI: /los-cerignola-api/api/orders | METHOD: GET
19:01:24 | URI: /los-cerignola-api/api/orders | METHOD: GET
19:01:24 | URI: /los-cerignola-api/api/orders | METHOD: GET
19:01:24 | URI: /los-cerignola-api/api/orders | METHOD: GET
19:01:25 | URI: /los-cerignola-api/api/orders | METHOD: GET
19:01:25 | URI: /los-cerignola-api/api/orders | METHOD: GET
19:01:25 | URI: /los-cerignola-api/api/orders | METHOD: GET
19:01:26 | URI: /los-cerignola-api/api/orders | METHOD: GET
19:01:26 | URI: /los-cerignola-api/api/orders | METHOD: GET
19:01:26 | URI: /los-cerignola-api/api/orders | METHOD: GET
19:01:27 | URI: /los-cerignola-api/api/orders | METHOD: GET
19:01:27 | URI: /los-cerignola-api/api/orders | METHOD: GET
19:01:27 | URI: /los-cerignola-api/api/orders | METHOD: GET
19:01:28 | URI: /los-cerignola-api/api/orders | METHOD: GET
19:01:28 | URI: /los-cerignola-api/api/orders | METHOD: GET
19:01:28 | URI: /los-cerignola-api/api/orders | METHOD: GET
19:01:29 | URI: /los-cerignola-api/api/orders | METHOD: GET
19:01:29 | URI: /los-cerignola-api/api/orders | METHOD: GET
19:01:29 | URI: /los-cerignola-api/api/orders | METHOD: GET
19:01:30 | URI: /los-cerignola-api/api/orders | METHOD: GET
19:01:30 | URI: /los-cerignola-api/api/orders | METHOD: GET
19:01:30 | URI: /los-cerignola-api/api/orders | METHOD: GET
19:01:31 | URI: /los-cerignola-api/api/orders | METHOD: GET
19:01:31 | URI: /los-cerignola-api/api/orders | METHOD: GET
19:01:31 | URI: /los-cerignola-api/api/orders | METHOD: GET
19:01:32 | URI: /los-cerignola-api/api/orders | METHOD: GET
19:01:32 | URI: /los-cerignola-api/api/orders | METHOD: GET
19:01:32 | URI: /los-cerignola-api/api/orders | METHOD: GET
19:01:33 | URI: /los-cerignola-api/api/orders | METHOD: GET
19:01:33 | URI: /los-cerignola-api/api/orders | METHOD: GET
19:01:33 | URI: /los-cerignola-api/api/orders | METHOD: GET
19:01:34 | URI: /los-cerignola-api/api/orders | METHOD: GET
19:01:34 | URI: /los-cerignola-api/api/orders | METHOD: GET
19:01:34 | URI: /los-cerignola-api/api/orders | METHOD: GET
19:01:35 | URI: /los-cerignola-api/api/orders | METHOD: GET
19:01:35 | URI: /los-cerignola-api/api/orders | METHOD: GET
19:01:35 | URI: /los-cerignola-api/api/orders | METHOD: GET
19:01:36 | URI: /los-cerignola-api/api/orders | METHOD: GET
19:01:36 | URI: /los-cerignola-api/api/orders | METHOD: GET
19:01:36 | URI: /los-cerignola-api/api/orders | METHOD: GET
19:01:37 | URI: /los-cerignola-api/api/orders | METHOD: GET
19:01:37 | URI: /los-cerignola-api/api/orders | METHOD: GET
19:01:37 | URI: /los-cerignola-api/api/orders | METHOD: GET
19:01:38 | URI: /los-cerignola-api/api/orders | METHOD: GET
19:01:38 | URI: /los-cerignola-api/api/orders | METHOD: GET
19:01:38 | URI: /los-cerignola-api/api/orders | METHOD: GET
19:01:39 | URI: /los-cerignola-api/api/orders | METHOD: GET
19:01:39 | URI: /los-cerignola-api/api/orders | METHOD: GET
19:01:39 | URI: /los-cerignola-api/api/orders | METHOD: GET
19:01:40 | URI: /los-cerignola-api/api/orders | METHOD: GET
19:01:40 | URI: /los-cerignola-api/api/orders | METHOD: GET
19:01:40 | URI: /los-cerignola-api/api/orders | METHOD: GET
19:01:41 | URI: /los-cerignola-api/api/orders | METHOD: GET
19:01:41 | URI: /los-cerignola-api/api/orders | METHOD: GET
19:01:41 | URI: /los-cerignola-api/api/orders | METHOD: GET
19:01:42 | URI: /los-cerignola-api/api/orders | METHOD: GET
19:01:42 | URI: /los-cerignola-api/api/orders | METHOD: GET
19:01:42 | URI: /los-cerignola-api/api/orders | METHOD: GET
19:01:43 | URI: /los-cerignola-api/api/orders | METHOD: GET
19:01:44 | URI: /los-cerignola-api/api/orders | METHOD: GET
19:01:44 | URI: /los-cerignola-api/api/orders | METHOD: GET
19:01:44 | URI: /los-cerignola-api/api/orders | METHOD: GET
19:01:44 | URI: /los-cerignola-api/api/orders | METHOD: GET
19:01:44 | URI: /los-cerignola-api/api/orders | METHOD: GET
19:01:45 | URI: /los-cerignola-api/api/orders | METHOD: GET
19:01:45 | URI: /los-cerignola-api/api/orders | METHOD: GET
19:01:45 | URI: /los-cerignola-api/api/orders | METHOD: GET
19:01:46 | URI: /los-cerignola-api/api/orders | METHOD: GET
19:01:46 | URI: /los-cerignola-api/api/orders | METHOD: GET
19:01:46 | URI: /los-cerignola-api/api/orders | METHOD: GET
19:01:47 | URI: /los-cerignola-api/api/orders | METHOD: GET
19:01:48 | URI: /los-cerignola-api/api/orders | METHOD: GET
19:01:48 | URI: /los-cerignola-api/api/orders | METHOD: GET
19:01:48 | URI: /los-cerignola-api/api/orders | METHOD: GET
19:01:49 | URI: /los-cerignola-api/api/orders | METHOD: GET
19:01:49 | URI: /los-cerignola-api/api/orders | METHOD: GET
19:01:49 | URI: /los-cerignola-api/api/orders | METHOD: GET
19:01:50 | URI: /los-cerignola-api/api/orders | METHOD: GET
19:01:50 | URI: /los-cerignola-api/api/orders | METHOD: GET
19:01:50 | URI: /los-cerignola-api/api/orders | METHOD: GET
19:01:51 | URI: /los-cerignola-api/api/orders | METHOD: GET
19:01:51 | URI: /los-cerignola-api/api/orders | METHOD: GET
19:01:51 | URI: /los-cerignola-api/api/orders | METHOD: GET
19:01:52 | URI: /los-cerignola-api/api/orders | METHOD: GET
19:01:52 | URI: /los-cerignola-api/api/orders | METHOD: GET
19:01:52 | URI: /los-cerignola-api/api/orders | METHOD: GET
19:01:53 | URI: /los-cerignola-api/api/orders | METHOD: GET
19:01:53 | URI: /los-cerignola-api/api/orders | METHOD: GET
19:01:53 | URI: /los-cerignola-api/api/orders | METHOD: GET
19:01:54 | URI: /los-cerignola-api/api/orders | METHOD: GET
19:01:54 | URI: /los-cerignola-api/api/orders | METHOD: GET
19:01:54 | URI: /los-cerignola-api/api/orders | METHOD: GET
19:01:55 | URI: /los-cerignola-api/api/orders | METHOD: GET
19:01:55 | URI: /los-cerignola-api/api/orders | METHOD: GET
19:01:55 | URI: /los-cerignola-api/api/orders | METHOD: GET
19:01:56 | URI: /los-cerignola-api/api/orders | METHOD: GET
19:01:56 | URI: /los-cerignola-api/api/orders | METHOD: GET
19:01:56 | URI: /los-cerignola-api/api/orders | METHOD: GET
19:01:57 | URI: /los-cerignola-api/api/orders | METHOD: GET
19:01:57 | URI: /los-cerignola-api/api/orders | METHOD: GET
19:01:57 | URI: /los-cerignola-api/api/orders | METHOD: GET
19:01:58 | URI: /los-cerignola-api/api/orders | METHOD: GET
19:01:58 | URI: /los-cerignola-api/api/orders | METHOD: GET
19:01:58 | URI: /los-cerignola-api/api/orders | METHOD: GET
19:01:59 | URI: /los-cerignola-api/api/orders | METHOD: GET
19:01:59 | URI: /los-cerignola-api/api/orders | METHOD: GET
19:01:59 | URI: /los-cerignola-api/api/orders | METHOD: GET
19:02:00 | URI: /los-cerignola-api/api/orders | METHOD: GET
19:02:00 | URI: /los-cerignola-api/api/orders | METHOD: GET
19:02:00 | URI: /los-cerignola-api/api/orders | METHOD: GET
19:02:01 | URI: /los-cerignola-api/api/orders | METHOD: GET
19:02:01 | URI: /los-cerignola-api/api/orders | METHOD: GET
19:02:01 | URI: /los-cerignola-api/api/orders | METHOD: GET
19:02:02 | URI: /los-cerignola-api/api/orders | METHOD: GET
19:02:02 | URI: /los-cerignola-api/api/orders | METHOD: GET
19:02:02 | URI: /los-cerignola-api/api/orders | METHOD: GET
19:02:03 | URI: /los-cerignola-api/api/orders | METHOD: GET
19:02:03 | URI: /los-cerignola-api/api/orders | METHOD: GET
19:02:03 | URI: /los-cerignola-api/api/orders | METHOD: GET
19:02:04 | URI: /los-cerignola-api/api/orders | METHOD: GET
19:02:04 | URI: /los-cerignola-api/api/orders | METHOD: GET
19:02:04 | URI: /los-cerignola-api/api/orders | METHOD: GET
19:02:05 | URI: /los-cerignola-api/api/orders | METHOD: GET
19:02:05 | URI: /los-cerignola-api/api/orders | METHOD: GET
19:02:05 | URI: /los-cerignola-api/api/orders | METHOD: GET
19:02:06 | URI: /los-cerignola-api/api/orders | METHOD: GET
19:02:06 | URI: /los-cerignola-api/api/orders | METHOD: GET
19:02:06 | URI: /los-cerignola-api/api/orders | METHOD: GET
19:02:07 | URI: /los-cerignola-api/api/orders | METHOD: GET
19:02:07 | URI: /los-cerignola-api/api/orders | METHOD: GET
19:02:07 | URI: /los-cerignola-api/api/orders | METHOD: GET
19:02:08 | URI: /los-cerignola-api/api/orders | METHOD: GET
19:02:08 | URI: /los-cerignola-api/api/orders | METHOD: GET
19:02:08 | URI: /los-cerignola-api/api/orders | METHOD: GET
19:02:09 | URI: /los-cerignola-api/api/orders | METHOD: GET
19:02:09 | URI: /los-cerignola-api/api/orders | METHOD: GET
19:02:09 | URI: /los-cerignola-api/api/orders | METHOD: GET
19:02:10 | URI: /los-cerignola-api/api/orders | METHOD: GET
19:02:10 | URI: /los-cerignola-api/api/orders | METHOD: GET
19:02:10 | URI: /los-cerignola-api/api/orders | METHOD: GET
19:02:11 | URI: /los-cerignola-api/api/orders | METHOD: GET
19:02:11 | URI: /los-cerignola-api/api/orders | METHOD: GET
19:02:11 | URI: /los-cerignola-api/api/orders | METHOD: GET
19:02:12 | URI: /los-cerignola-api/api/orders | METHOD: GET
19:02:12 | URI: /los-cerignola-api/api/orders | METHOD: GET
19:02:13 | URI: /los-cerignola-api/api/orders | METHOD: GET
19:02:13 | URI: /los-cerignola-api/api/orders | METHOD: GET
19:02:13 | URI: /los-cerignola-api/api/orders | METHOD: GET
19:02:14 | URI: /los-cerignola-api/api/orders | METHOD: GET
19:02:14 | URI: /los-cerignola-api/api/orders | METHOD: GET
19:02:14 | URI: /los-cerignola-api/api/orders | METHOD: GET
19:02:15 | URI: /los-cerignola-api/api/orders | METHOD: GET
19:02:15 | URI: /los-cerignola-api/api/orders | METHOD: GET
19:02:15 | URI: /los-cerignola-api/api/orders | METHOD: GET
19:02:16 | URI: /los-cerignola-api/api/orders | METHOD: GET
19:02:16 | URI: /los-cerignola-api/api/orders | METHOD: GET
19:02:16 | URI: /los-cerignola-api/api/orders | METHOD: GET
19:02:17 | URI: /los-cerignola-api/api/orders | METHOD: GET
19:02:17 | URI: /los-cerignola-api/api/orders | METHOD: GET
19:02:17 | URI: /los-cerignola-api/api/orders | METHOD: GET
19:02:18 | URI: /los-cerignola-api/api/orders | METHOD: GET
19:02:18 | URI: /los-cerignola-api/api/orders | METHOD: GET
19:02:18 | URI: /los-cerignola-api/api/orders | METHOD: GET
19:02:19 | URI: /los-cerignola-api/api/orders | METHOD: GET
19:02:19 | URI: /los-cerignola-api/api/orders | METHOD: GET
19:02:19 | URI: /los-cerignola-api/api/orders | METHOD: GET
19:02:20 | URI: /los-cerignola-api/api/orders | METHOD: GET
19:02:20 | URI: /los-cerignola-api/api/orders | METHOD: GET
19:02:20 | URI: /los-cerignola-api/api/orders | METHOD: GET
19:02:21 | URI: /los-cerignola-api/api/orders | METHOD: GET
19:02:21 | URI: /los-cerignola-api/api/orders | METHOD: GET
19:02:21 | URI: /los-cerignola-api/api/orders | METHOD: GET
19:02:22 | URI: /los-cerignola-api/api/orders | METHOD: GET
19:02:22 | URI: /los-cerignola-api/api/orders | METHOD: GET
19:02:22 | URI: /los-cerignola-api/api/orders | METHOD: GET
19:02:23 | URI: /los-cerignola-api/api/orders | METHOD: GET
19:02:23 | URI: /los-cerignola-api/api/orders | METHOD: GET
19:02:23 | URI: /los-cerignola-api/api/orders | METHOD: GET
19:02:24 | URI: /los-cerignola-api/api/orders | METHOD: GET
19:02:24 | URI: /los-cerignola-api/api/orders | METHOD: GET
19:02:24 | URI: /los-cerignola-api/api/orders | METHOD: GET
19:02:25 | URI: /los-cerignola-api/api/orders | METHOD: GET
19:02:25 | URI: /los-cerignola-api/api/orders | METHOD: GET
19:02:25 | URI: /los-cerignola-api/api/orders | METHOD: GET
19:02:26 | URI: /los-cerignola-api/api/orders | METHOD: GET
19:02:26 | URI: /los-cerignola-api/api/orders | METHOD: GET
19:02:26 | URI: /los-cerignola-api/api/orders | METHOD: GET
19:02:27 | URI: /los-cerignola-api/api/orders | METHOD: GET
19:02:27 | URI: /los-cerignola-api/api/orders | METHOD: GET
19:02:27 | URI: /los-cerignola-api/api/orders | METHOD: GET
19:02:28 | URI: /los-cerignola-api/api/orders | METHOD: GET
19:02:28 | URI: /los-cerignola-api/api/orders | METHOD: GET
19:02:28 | URI: /los-cerignola-api/api/orders | METHOD: GET
19:02:29 | URI: /los-cerignola-api/api/orders | METHOD: GET
19:02:29 | URI: /los-cerignola-api/api/orders | METHOD: GET
19:02:29 | URI: /los-cerignola-api/api/orders | METHOD: GET
19:02:30 | URI: /los-cerignola-api/api/orders | METHOD: GET
19:02:30 | URI: /los-cerignola-api/api/orders | METHOD: GET
19:02:30 | URI: /los-cerignola-api/api/orders | METHOD: GET
19:02:31 | URI: /los-cerignola-api/api/orders | METHOD: GET
19:02:31 | URI: /los-cerignola-api/api/orders | METHOD: GET
19:02:31 | URI: /los-cerignola-api/api/orders | METHOD: GET
19:02:32 | URI: /los-cerignola-api/api/orders | METHOD: GET
19:02:32 | URI: /los-cerignola-api/api/orders | METHOD: GET
19:02:32 | URI: /los-cerignola-api/api/orders | METHOD: GET
19:02:33 | URI: /los-cerignola-api/api/orders | METHOD: GET
19:02:33 | URI: /los-cerignola-api/api/orders | METHOD: GET
19:02:33 | URI: /los-cerignola-api/api/orders | METHOD: GET
19:02:34 | URI: /los-cerignola-api/api/orders | METHOD: GET
19:02:34 | URI: /los-cerignola-api/api/orders | METHOD: GET
19:02:34 | URI: /los-cerignola-api/api/orders | METHOD: GET
19:02:35 | URI: /los-cerignola-api/api/orders | METHOD: GET
19:02:35 | URI: /los-cerignola-api/api/orders | METHOD: GET
19:02:35 | URI: /los-cerignola-api/api/orders | METHOD: GET
19:02:36 | URI: /los-cerignola-api/api/orders | METHOD: GET
19:02:37 | URI: /los-cerignola-api/api/orders | METHOD: GET
19:02:38 | URI: /los-cerignola-api/api/orders | METHOD: GET
19:02:39 | URI: /los-cerignola-api/api/orders | METHOD: GET
19:02:40 | URI: /los-cerignola-api/api/orders | METHOD: GET
19:02:41 | URI: /los-cerignola-api/api/orders | METHOD: GET
19:02:42 | URI: /los-cerignola-api/api/orders | METHOD: GET
19:02:43 | URI: /los-cerignola-api/api/orders | METHOD: GET
19:02:44 | URI: /los-cerignola-api/api/orders | METHOD: GET
19:02:45 | URI: /los-cerignola-api/api/orders | METHOD: GET
19:02:46 | URI: /los-cerignola-api/api/orders | METHOD: GET
19:02:47 | URI: /los-cerignola-api/api/orders | METHOD: GET
19:02:48 | URI: /los-cerignola-api/api/orders | METHOD: GET
19:02:49 | URI: /los-cerignola-api/api/orders | METHOD: GET
19:02:50 | URI: /los-cerignola-api/api/orders | METHOD: GET
19:02:51 | URI: /los-cerignola-api/api/orders | METHOD: GET
19:02:52 | URI: /los-cerignola-api/api/orders | METHOD: GET
19:02:53 | URI: /los-cerignola-api/api/orders | METHOD: GET
19:02:54 | URI: /los-cerignola-api/api/orders | METHOD: GET
19:02:55 | URI: /los-cerignola-api/api/orders | METHOD: GET
19:02:56 | URI: /los-cerignola-api/api/orders | METHOD: GET
19:02:57 | URI: /los-cerignola-api/api/orders | METHOD: GET
19:02:58 | URI: /los-cerignola-api/api/orders | METHOD: GET
19:02:59 | URI: /los-cerignola-api/api/orders | METHOD: GET
19:03:00 | URI: /los-cerignola-api/api/orders | METHOD: GET
19:03:01 | URI: /los-cerignola-api/api/orders | METHOD: GET
19:03:02 | URI: /los-cerignola-api/api/orders | METHOD: GET
19:03:03 | URI: /los-cerignola-api/api/orders | METHOD: GET
19:03:04 | URI: /los-cerignola-api/api/orders | METHOD: GET
19:03:05 | URI: /los-cerignola-api/api/orders | METHOD: GET
19:03:06 | URI: /los-cerignola-api/api/orders | METHOD: GET
19:03:07 | URI: /los-cerignola-api/api/orders | METHOD: GET
19:03:08 | URI: /los-cerignola-api/api/orders | METHOD: GET
19:03:09 | URI: /los-cerignola-api/api/orders | METHOD: GET
19:03:10 | URI: /los-cerignola-api/api/orders | METHOD: GET
19:03:11 | URI: /los-cerignola-api/api/orders | METHOD: GET
19:03:12 | URI: /los-cerignola-api/api/orders | METHOD: GET
19:03:13 | URI: /los-cerignola-api/api/orders | METHOD: GET
19:03:14 | URI: /los-cerignola-api/api/orders | METHOD: GET
19:03:15 | URI: /los-cerignola-api/api/orders | METHOD: GET
19:03:16 | URI: /los-cerignola-api/api/orders | METHOD: GET
19:03:18 | URI: /los-cerignola-api/api/orders | METHOD: GET
19:03:19 | URI: /los-cerignola-api/api/orders | METHOD: GET
19:03:20 | URI: /los-cerignola-api/api/orders | METHOD: GET
19:03:21 | URI: /los-cerignola-api/api/orders | METHOD: GET
19:03:22 | URI: /los-cerignola-api/api/orders | METHOD: GET
19:03:23 | URI: /los-cerignola-api/api/orders | METHOD: GET
19:03:24 | URI: /los-cerignola-api/api/orders | METHOD: GET
19:03:25 | URI: /los-cerignola-api/api/orders | METHOD: GET
19:03:26 | URI: /los-cerignola-api/api/orders | METHOD: GET
19:03:27 | URI: /los-cerignola-api/api/orders | METHOD: GET
19:03:28 | URI: /los-cerignola-api/api/orders | METHOD: GET
19:03:29 | URI: /los-cerignola-api/api/orders | METHOD: GET
19:03:30 | URI: /los-cerignola-api/api/orders | METHOD: GET
19:03:31 | URI: /los-cerignola-api/api/orders | METHOD: GET
19:03:32 | URI: /los-cerignola-api/api/orders | METHOD: GET
19:03:33 | URI: /los-cerignola-api/api/orders | METHOD: GET
19:03:34 | URI: /los-cerignola-api/api/orders | METHOD: GET
19:03:35 | URI: /los-cerignola-api/api/orders | METHOD: GET
19:03:36 | URI: /los-cerignola-api/api/orders | METHOD: GET
19:03:37 | URI: /los-cerignola-api/api/orders | METHOD: GET
19:03:38 | URI: /los-cerignola-api/api/orders | METHOD: GET
19:03:39 | URI: /los-cerignola-api/api/orders | METHOD: GET
19:03:40 | URI: /los-cerignola-api/api/orders | METHOD: GET
19:03:41 | URI: /los-cerignola-api/api/orders | METHOD: GET
19:03:42 | URI: /los-cerignola-api/api/orders | METHOD: GET
19:03:43 | URI: /los-cerignola-api/api/orders | METHOD: GET
19:03:44 | URI: /los-cerignola-api/api/orders | METHOD: GET
19:03:45 | URI: /los-cerignola-api/api/orders | METHOD: GET
19:03:46 | URI: /los-cerignola-api/api/orders | METHOD: GET
19:03:47 | URI: /los-cerignola-api/api/orders | METHOD: GET
19:03:48 | URI: /los-cerignola-api/api/orders | METHOD: GET
19:03:49 | URI: /los-cerignola-api/api/orders | METHOD: GET
19:03:50 | URI: /los-cerignola-api/api/orders | METHOD: GET
19:03:51 | URI: /los-cerignola-api/api/orders | METHOD: GET
19:03:52 | URI: /los-cerignola-api/api/orders | METHOD: GET
19:03:53 | URI: /los-cerignola-api/api/orders | METHOD: GET
19:03:54 | URI: /los-cerignola-api/api/orders | METHOD: GET
19:03:55 | URI: /los-cerignola-api/api/orders | METHOD: GET
19:03:56 | URI: /los-cerignola-api/api/orders | METHOD: GET
19:03:57 | URI: /los-cerignola-api/api/orders | METHOD: GET
19:03:58 | URI: /los-cerignola-api/api/orders | METHOD: GET
19:03:59 | URI: /los-cerignola-api/api/orders | METHOD: GET
19:04:00 | URI: /los-cerignola-api/api/orders | METHOD: GET
19:04:01 | URI: /los-cerignola-api/api/orders | METHOD: GET
19:04:02 | URI: /los-cerignola-api/api/orders | METHOD: GET
19:04:03 | URI: /los-cerignola-api/api/orders | METHOD: GET
19:04:04 | URI: /los-cerignola-api/api/orders | METHOD: GET
19:04:05 | URI: /los-cerignola-api/api/orders | METHOD: GET
19:04:06 | URI: /los-cerignola-api/api/orders | METHOD: GET
19:04:07 | URI: /los-cerignola-api/api/orders | METHOD: GET
19:04:08 | URI: /los-cerignola-api/api/orders | METHOD: GET
19:04:09 | URI: /los-cerignola-api/api/orders | METHOD: GET
19:04:10 | URI: /los-cerignola-api/api/orders | METHOD: GET
19:04:11 | URI: /los-cerignola-api/api/orders | METHOD: GET
19:04:12 | URI: /los-cerignola-api/api/orders | METHOD: GET
19:04:13 | URI: /los-cerignola-api/api/orders | METHOD: GET
19:04:14 | URI: /los-cerignola-api/api/orders | METHOD: GET
19:04:15 | URI: /los-cerignola-api/api/orders | METHOD: GET
19:04:16 | URI: /los-cerignola-api/api/orders | METHOD: GET
19:04:17 | URI: /los-cerignola-api/api/orders | METHOD: GET
19:04:18 | URI: /los-cerignola-api/api/orders | METHOD: GET
19:04:19 | URI: /los-cerignola-api/api/orders | METHOD: GET
19:04:20 | URI: /los-cerignola-api/api/orders | METHOD: GET
19:04:21 | URI: /los-cerignola-api/api/orders | METHOD: GET
19:04:21 | URI: /los-cerignola-api/api/orders | METHOD: GET
19:04:21 | URI: /los-cerignola-api/api/orders | METHOD: GET
19:04:21 | URI: /los-cerignola-api/api/orders | METHOD: GET
19:04:21 | URI: /los-cerignola-api/api/orders | METHOD: GET
19:04:22 | URI: /los-cerignola-api/api/orders | METHOD: GET
19:04:22 | URI: /los-cerignola-api/api/orders | METHOD: GET
19:04:22 | URI: /los-cerignola-api/api/orders | METHOD: GET
19:04:23 | URI: /los-cerignola-api/api/orders | METHOD: GET
19:04:23 | URI: /los-cerignola-api/api/orders | METHOD: GET
19:04:23 | URI: /los-cerignola-api/api/orders | METHOD: GET
19:04:24 | URI: /los-cerignola-api/api/orders | METHOD: GET
19:04:24 | URI: /los-cerignola-api/api/orders | METHOD: GET
19:04:24 | URI: /los-cerignola-api/api/orders | METHOD: GET
19:04:25 | URI: /los-cerignola-api/api/orders | METHOD: GET
19:04:25 | URI: /los-cerignola-api/api/orders | METHOD: GET
19:04:25 | URI: /los-cerignola-api/api/orders | METHOD: GET
19:04:26 | URI: /los-cerignola-api/api/orders | METHOD: GET
19:04:26 | URI: /los-cerignola-api/api/orders | METHOD: GET
19:04:26 | URI: /los-cerignola-api/api/orders | METHOD: GET
19:04:27 | URI: /los-cerignola-api/api/orders | METHOD: GET
19:04:28 | URI: /los-cerignola-api/api/orders | METHOD: GET
19:04:29 | URI: /los-cerignola-api/api/orders | METHOD: GET
19:04:30 | URI: /los-cerignola-api/api/orders | METHOD: GET
19:04:31 | URI: /los-cerignola-api/api/orders | METHOD: GET
19:04:32 | URI: /los-cerignola-api/api/orders | METHOD: GET
19:04:33 | URI: /los-cerignola-api/api/orders | METHOD: GET
19:04:34 | URI: /los-cerignola-api/api/orders | METHOD: GET
19:04:35 | URI: /los-cerignola-api/api/orders | METHOD: GET
19:04:36 | URI: /los-cerignola-api/api/orders | METHOD: GET
19:04:38 | URI: /los-cerignola-api/api/orders | METHOD: GET
19:04:38 | URI: /los-cerignola-api/api/orders | METHOD: GET
19:04:39 | URI: /los-cerignola-api/api/orders | METHOD: GET
19:04:40 | URI: /los-cerignola-api/api/orders | METHOD: GET
19:04:41 | URI: /los-cerignola-api/api/orders | METHOD: GET
19:04:42 | URI: /los-cerignola-api/api/orders | METHOD: GET
19:04:44 | URI: /los-cerignola-api/api/orders | METHOD: GET
19:04:45 | URI: /los-cerignola-api/api/orders | METHOD: GET
19:04:46 | URI: /los-cerignola-api/api/orders | METHOD: GET
19:04:47 | URI: /los-cerignola-api/api/orders | METHOD: GET
19:04:48 | URI: /los-cerignola-api/api/orders | METHOD: GET
19:04:49 | URI: /los-cerignola-api/api/orders | METHOD: GET
19:04:50 | URI: /los-cerignola-api/api/orders | METHOD: GET
19:04:51 | URI: /los-cerignola-api/api/orders | METHOD: GET
19:04:52 | URI: /los-cerignola-api/api/orders | METHOD: GET
19:04:53 | URI: /los-cerignola-api/api/orders | METHOD: GET
19:04:54 | URI: /los-cerignola-api/api/orders | METHOD: GET
19:04:55 | URI: /los-cerignola-api/api/orders | METHOD: GET
19:04:56 | URI: /los-cerignola-api/api/orders | METHOD: GET
19:04:57 | URI: /los-cerignola-api/api/orders | METHOD: GET
19:04:58 | URI: /los-cerignola-api/api/orders | METHOD: GET
19:04:59 | URI: /los-cerignola-api/api/orders | METHOD: GET
19:05:00 | URI: /los-cerignola-api/api/orders | METHOD: GET
19:05:01 | URI: /los-cerignola-api/api/orders | METHOD: GET
19:05:02 | URI: /los-cerignola-api/api/orders | METHOD: GET
19:05:03 | URI: /los-cerignola-api/api/orders | METHOD: GET
19:05:04 | URI: /los-cerignola-api/api/orders | METHOD: GET
19:05:05 | URI: /los-cerignola-api/api/orders | METHOD: GET
19:05:06 | URI: /los-cerignola-api/api/orders | METHOD: GET
19:05:07 | URI: /los-cerignola-api/api/orders | METHOD: GET
19:05:08 | URI: /los-cerignola-api/api/orders | METHOD: GET
19:05:09 | URI: /los-cerignola-api/api/orders | METHOD: GET
19:05:10 | URI: /los-cerignola-api/api/orders | METHOD: GET
19:05:11 | URI: /los-cerignola-api/api/orders | METHOD: GET
19:05:12 | URI: /los-cerignola-api/api/orders | METHOD: GET
19:05:13 | URI: /los-cerignola-api/api/orders | METHOD: GET
19:05:14 | URI: /los-cerignola-api/api/orders | METHOD: GET
19:05:15 | URI: /los-cerignola-api/api/orders | METHOD: GET
19:05:16 | URI: /los-cerignola-api/api/orders | METHOD: GET
19:05:17 | URI: /los-cerignola-api/api/orders | METHOD: GET
19:05:18 | URI: /los-cerignola-api/api/orders | METHOD: GET
19:05:19 | URI: /los-cerignola-api/api/orders | METHOD: GET
19:05:20 | URI: /los-cerignola-api/api/orders | METHOD: GET
19:05:21 | URI: /los-cerignola-api/api/orders | METHOD: GET
19:05:22 | URI: /los-cerignola-api/api/orders | METHOD: GET
19:05:23 | URI: /los-cerignola-api/api/orders | METHOD: GET
19:05:24 | URI: /los-cerignola-api/api/orders | METHOD: GET
19:05:25 | URI: /los-cerignola-api/api/orders | METHOD: GET
19:05:26 | URI: /los-cerignola-api/api/orders | METHOD: GET
19:05:27 | URI: /los-cerignola-api/api/orders | METHOD: GET
19:05:28 | URI: /los-cerignola-api/api/orders | METHOD: GET
19:05:29 | URI: /los-cerignola-api/api/orders | METHOD: GET
19:05:30 | URI: /los-cerignola-api/api/orders | METHOD: GET
19:05:31 | URI: /los-cerignola-api/api/orders | METHOD: GET
19:05:32 | URI: /los-cerignola-api/api/orders | METHOD: GET
19:05:33 | URI: /los-cerignola-api/api/orders | METHOD: GET
19:05:34 | URI: /los-cerignola-api/api/orders | METHOD: GET
19:05:35 | URI: /los-cerignola-api/api/orders | METHOD: GET
19:05:36 | URI: /los-cerignola-api/api/orders | METHOD: GET
19:05:38 | URI: /los-cerignola-api/api/orders | METHOD: GET
19:05:38 | URI: /los-cerignola-api/api/orders | METHOD: GET
19:05:39 | URI: /los-cerignola-api/api/orders | METHOD: GET
19:05:40 | URI: /los-cerignola-api/api/orders | METHOD: GET
19:05:41 | URI: /los-cerignola-api/api/orders | METHOD: GET
19:05:42 | URI: /los-cerignola-api/api/orders | METHOD: GET
19:05:43 | URI: /los-cerignola-api/api/orders | METHOD: GET
19:05:44 | URI: /los-cerignola-api/api/orders | METHOD: GET
19:05:45 | URI: /los-cerignola-api/api/orders | METHOD: GET
19:05:47 | URI: /los-cerignola-api/api/orders | METHOD: GET
19:05:48 | URI: /los-cerignola-api/api/orders | METHOD: GET
19:05:49 | URI: /los-cerignola-api/api/orders | METHOD: GET
19:05:50 | URI: /los-cerignola-api/api/orders | METHOD: GET
19:05:51 | URI: /los-cerignola-api/api/orders | METHOD: GET
19:05:52 | URI: /los-cerignola-api/api/orders | METHOD: GET
19:05:53 | URI: /los-cerignola-api/api/orders | METHOD: GET
19:05:54 | URI: /los-cerignola-api/api/orders | METHOD: GET
19:05:55 | URI: /los-cerignola-api/api/orders | METHOD: GET
19:05:56 | URI: /los-cerignola-api/api/orders | METHOD: GET
19:05:57 | URI: /los-cerignola-api/api/orders | METHOD: GET
19:05:58 | URI: /los-cerignola-api/api/orders | METHOD: GET
19:05:59 | URI: /los-cerignola-api/api/orders | METHOD: GET
19:06:00 | URI: /los-cerignola-api/api/orders | METHOD: GET
19:06:01 | URI: /los-cerignola-api/api/orders | METHOD: GET
19:06:02 | URI: /los-cerignola-api/api/orders | METHOD: GET
19:06:03 | URI: /los-cerignola-api/api/orders | METHOD: GET
19:06:04 | URI: /los-cerignola-api/api/orders | METHOD: GET
19:06:05 | URI: /los-cerignola-api/api/orders | METHOD: GET
19:06:06 | URI: /los-cerignola-api/api/orders | METHOD: GET
19:06:07 | URI: /los-cerignola-api/api/orders | METHOD: GET
